2022-05-09 15:17:01,672 INFO    MainThread:44911 [internal.py:wandb_internal():90] W&B internal server running at pid: 44911, started at: 2022-05-09 15:17:01.672680
2022-05-09 15:17:01,674 INFO    WriterThread:44911 [datastore.py:open_for_write():75] open: /home/luca/Projects/plant_science/cyclesgym/cyclesgym/wandb/run-20220509_151701-bp6nuloa/run-bp6nuloa.wandb
2022-05-09 15:17:01,675 DEBUG   SenderThread:44911 [sender.py:send():232] send: header
2022-05-09 15:17:01,675 DEBUG   SenderThread:44911 [sender.py:send():232] send: run
2022-05-09 15:17:04,276 INFO    SenderThread:44911 [dir_watcher.py:__init__():197] watching files in: /home/luca/Projects/plant_science/cyclesgym/cyclesgym/wandb/run-20220509_151701-bp6nuloa/files
2022-05-09 15:17:04,276 INFO    SenderThread:44911 [sender.py:_start_run_threads():811] run started: bp6nuloa with start time 1652102221
2022-05-09 15:17:04,276 DEBUG   SenderThread:44911 [sender.py:send():232] send: summary
2022-05-09 15:17:04,276 INFO    SenderThread:44911 [sender.py:_save_file():948] saving file wandb-summary.json with policy end
2022-05-09 15:17:04,277 DEBUG   HandlerThread:44911 [handler.py:handle_request():141] handle_request: check_version
2022-05-09 15:17:04,278 DEBUG   SenderThread:44911 [sender.py:send_request():246] send_request: check_version
2022-05-09 15:17:04,336 DEBUG   HandlerThread:44911 [handler.py:handle_request():141] handle_request: run_start
2022-05-09 15:17:04,338 DEBUG   HandlerThread:44911 [meta.py:__init__():35] meta init
2022-05-09 15:17:04,338 DEBUG   HandlerThread:44911 [meta.py:__init__():49] meta init done
2022-05-09 15:17:04,338 DEBUG   HandlerThread:44911 [meta.py:probe():209] probe
2022-05-09 15:17:04,344 DEBUG   HandlerThread:44911 [meta.py:_setup_git():199] setup git
2022-05-09 15:17:04,357 DEBUG   HandlerThread:44911 [meta.py:_setup_git():206] setup git done
2022-05-09 15:17:04,357 DEBUG   HandlerThread:44911 [meta.py:_save_pip():53] save pip
2022-05-09 15:17:04,357 DEBUG   HandlerThread:44911 [meta.py:_save_pip():67] save pip done
2022-05-09 15:17:04,357 DEBUG   HandlerThread:44911 [meta.py:_save_conda():74] save conda
2022-05-09 15:17:05,278 INFO    Thread-7  :44911 [dir_watcher.py:_on_file_created():244] file/dir created: /home/luca/Projects/plant_science/cyclesgym/cyclesgym/wandb/run-20220509_151701-bp6nuloa/files/wandb-summary.json
2022-05-09 15:17:05,278 INFO    Thread-7  :44911 [dir_watcher.py:_on_file_created():244] file/dir created: /home/luca/Projects/plant_science/cyclesgym/cyclesgym/wandb/run-20220509_151701-bp6nuloa/files/requirements.txt
2022-05-09 15:17:05,279 INFO    Thread-7  :44911 [dir_watcher.py:_on_file_created():244] file/dir created: /home/luca/Projects/plant_science/cyclesgym/cyclesgym/wandb/run-20220509_151701-bp6nuloa/files/conda-environment.yaml
2022-05-09 15:17:07,693 DEBUG   HandlerThread:44911 [meta.py:_save_conda():84] save conda done
2022-05-09 15:17:07,693 DEBUG   HandlerThread:44911 [meta.py:probe():247] probe done
2022-05-09 15:17:07,770 DEBUG   SenderThread:44911 [sender.py:send():232] send: files
2022-05-09 15:17:07,771 INFO    SenderThread:44911 [sender.py:_save_file():948] saving file wandb-metadata.json with policy now
2022-05-09 15:17:07,783 DEBUG   SenderThread:44911 [sender.py:send():232] send: config
2022-05-09 15:17:07,786 DEBUG   HandlerThread:44911 [handler.py:handle_request():141] handle_request: stop_status
2022-05-09 15:17:07,786 DEBUG   SenderThread:44911 [sender.py:send_request():246] send_request: stop_status
2022-05-09 15:17:08,279 INFO    Thread-7  :44911 [dir_watcher.py:_on_file_modified():257] file/dir modified: /home/luca/Projects/plant_science/cyclesgym/cyclesgym/wandb/run-20220509_151701-bp6nuloa/files/conda-environment.yaml
2022-05-09 15:17:08,280 INFO    Thread-7  :44911 [dir_watcher.py:_on_file_created():244] file/dir created: /home/luca/Projects/plant_science/cyclesgym/cyclesgym/wandb/run-20220509_151701-bp6nuloa/files/output.log
2022-05-09 15:17:08,280 INFO    Thread-7  :44911 [dir_watcher.py:_on_file_created():244] file/dir created: /home/luca/Projects/plant_science/cyclesgym/cyclesgym/wandb/run-20220509_151701-bp6nuloa/files/wandb-metadata.json
2022-05-09 15:17:08,741 INFO    Thread-11 :44911 [upload_job.py:push():132] Uploaded file /tmp/tmpwmoy3s_7wandb/j1obweon-wandb-metadata.json
2022-05-09 15:17:08,763 DEBUG   SenderThread:44911 [sender.py:send():232] send: telemetry
2022-05-09 15:17:13,154 DEBUG   SenderThread:44911 [sender.py:send():232] send: telemetry
2022-05-09 15:17:17,823 INFO    HandlerThread:44911 [handler.py:handle_tbrecord():723] handling tbrecord: tbrecord {
  log_dir: "./runs/bp6nuloa/PPO_1"
  save: true
}

2022-05-09 15:17:17,823 DEBUG   HandlerThread:44911 [config_util.py:dict_from_config_file():100] no default config file found in config-defaults.yaml
2022-05-09 15:17:17,862 DEBUG   SenderThread:44911 [sender.py:send():232] send: tbrecord
2022-05-09 15:17:17,863 DEBUG   SenderThread:44911 [sender.py:send():232] send: config
2022-05-09 15:17:17,871 DEBUG   SenderThread:44911 [sender.py:send():232] send: files
2022-05-09 15:17:17,871 INFO    SenderThread:44911 [sender.py:_save_file():948] saving file events.out.tfevents.1652102237.luca-All-Series.44901.0 with policy live
2022-05-09 15:17:18,282 INFO    Thread-7  :44911 [dir_watcher.py:_on_file_created():244] file/dir created: /home/luca/Projects/plant_science/cyclesgym/cyclesgym/wandb/run-20220509_151701-bp6nuloa/files/events.out.tfevents.1652102237.luca-All-Series.44901.0
2022-05-09 15:17:18,630 INFO    Thread-14 :44911 [upload_job.py:push():132] Uploaded file /tmp/tmpwmoy3s_7wandb/1weqhski-events.out.tfevents.1652102237.luca-All-Series.44901.0
2022-05-09 15:17:23,764 DEBUG   HandlerThread:44911 [handler.py:handle_request():141] handle_request: stop_status
2022-05-09 15:17:23,765 DEBUG   SenderThread:44911 [sender.py:send_request():246] send_request: stop_status
2022-05-09 15:17:32,287 INFO    Thread-7  :44911 [dir_watcher.py:_on_file_modified():257] file/dir modified: /home/luca/Projects/plant_science/cyclesgym/cyclesgym/wandb/run-20220509_151701-bp6nuloa/files/config.yaml
2022-05-09 15:17:32,452 DEBUG   SenderThread:44911 [sender.py:send():232] send: stats
2022-05-09 15:17:38,911 DEBUG   HandlerThread:44911 [handler.py:handle_request():141] handle_request: stop_status
2022-05-09 15:17:38,911 DEBUG   SenderThread:44911 [sender.py:send_request():246] send_request: stop_status
2022-05-09 15:17:54,106 DEBUG   HandlerThread:44911 [handler.py:handle_request():141] handle_request: stop_status
2022-05-09 15:17:54,106 DEBUG   SenderThread:44911 [sender.py:send_request():246] send_request: stop_status
2022-05-09 15:18:02,857 DEBUG   SenderThread:44911 [sender.py:send():232] send: stats
2022-05-09 15:18:09,283 DEBUG   HandlerThread:44911 [handler.py:handle_request():141] handle_request: stop_status
2022-05-09 15:18:09,283 DEBUG   SenderThread:44911 [sender.py:send_request():246] send_request: stop_status
2022-05-09 15:18:24,450 DEBUG   HandlerThread:44911 [handler.py:handle_request():141] handle_request: stop_status
2022-05-09 15:18:24,450 DEBUG   SenderThread:44911 [sender.py:send_request():246] send_request: stop_status
2022-05-09 15:18:33,244 DEBUG   SenderThread:44911 [sender.py:send():232] send: stats
2022-05-09 15:18:39,613 DEBUG   HandlerThread:44911 [handler.py:handle_request():141] handle_request: stop_status
2022-05-09 15:18:39,614 DEBUG   SenderThread:44911 [sender.py:send_request():246] send_request: stop_status
2022-05-09 15:18:54,772 DEBUG   HandlerThread:44911 [handler.py:handle_request():141] handle_request: stop_status
2022-05-09 15:18:54,772 DEBUG   SenderThread:44911 [sender.py:send_request():246] send_request: stop_status
2022-05-09 15:19:03,549 DEBUG   SenderThread:44911 [sender.py:send():232] send: stats
2022-05-09 15:19:09,916 DEBUG   HandlerThread:44911 [handler.py:handle_request():141] handle_request: stop_status
2022-05-09 15:19:09,917 DEBUG   SenderThread:44911 [sender.py:send_request():246] send_request: stop_status
2022-05-09 15:19:25,145 DEBUG   HandlerThread:44911 [handler.py:handle_request():141] handle_request: stop_status
2022-05-09 15:19:25,145 DEBUG   SenderThread:44911 [sender.py:send_request():246] send_request: stop_status
2022-05-09 15:19:33,781 DEBUG   SenderThread:44911 [sender.py:send():232] send: stats
2022-05-09 15:19:40,292 DEBUG   HandlerThread:44911 [handler.py:handle_request():141] handle_request: stop_status
2022-05-09 15:19:40,293 DEBUG   SenderThread:44911 [sender.py:send_request():246] send_request: stop_status
2022-05-09 15:19:55,441 DEBUG   HandlerThread:44911 [handler.py:handle_request():141] handle_request: stop_status
2022-05-09 15:19:55,441 DEBUG   SenderThread:44911 [sender.py:send_request():246] send_request: stop_status
2022-05-09 15:20:04,164 DEBUG   SenderThread:44911 [sender.py:send():232] send: stats
2022-05-09 15:20:10,593 DEBUG   HandlerThread:44911 [handler.py:handle_request():141] handle_request: stop_status
2022-05-09 15:20:10,593 DEBUG   SenderThread:44911 [sender.py:send_request():246] send_request: stop_status
2022-05-09 15:20:25,762 DEBUG   HandlerThread:44911 [handler.py:handle_request():141] handle_request: stop_status
2022-05-09 15:20:25,762 DEBUG   SenderThread:44911 [sender.py:send_request():246] send_request: stop_status
2022-05-09 15:20:34,477 DEBUG   SenderThread:44911 [sender.py:send():232] send: stats
2022-05-09 15:20:40,913 DEBUG   HandlerThread:44911 [handler.py:handle_request():141] handle_request: stop_status
2022-05-09 15:20:40,913 DEBUG   SenderThread:44911 [sender.py:send_request():246] send_request: stop_status
2022-05-09 15:20:56,064 DEBUG   HandlerThread:44911 [handler.py:handle_request():141] handle_request: stop_status
2022-05-09 15:20:56,064 DEBUG   SenderThread:44911 [sender.py:send_request():246] send_request: stop_status
2022-05-09 15:21:04,666 DEBUG   SenderThread:44911 [sender.py:send():232] send: stats
2022-05-09 15:21:11,325 DEBUG   HandlerThread:44911 [handler.py:handle_request():141] handle_request: stop_status
2022-05-09 15:21:11,325 DEBUG   SenderThread:44911 [sender.py:send_request():246] send_request: stop_status
2022-05-09 15:21:26,632 DEBUG   HandlerThread:44911 [handler.py:handle_request():141] handle_request: stop_status
2022-05-09 15:21:26,632 DEBUG   SenderThread:44911 [sender.py:send_request():246] send_request: stop_status
2022-05-09 15:21:34,788 DEBUG   SenderThread:44911 [sender.py:send():232] send: stats
2022-05-09 15:21:41,780 DEBUG   HandlerThread:44911 [handler.py:handle_request():141] handle_request: stop_status
2022-05-09 15:21:41,780 DEBUG   SenderThread:44911 [sender.py:send_request():246] send_request: stop_status
2022-05-09 15:21:56,927 DEBUG   HandlerThread:44911 [handler.py:handle_request():141] handle_request: stop_status
2022-05-09 15:21:56,928 DEBUG   SenderThread:44911 [sender.py:send_request():246] send_request: stop_status
2022-05-09 15:22:05,015 DEBUG   SenderThread:44911 [sender.py:send():232] send: stats
2022-05-09 15:22:12,204 DEBUG   HandlerThread:44911 [handler.py:handle_request():141] handle_request: stop_status
2022-05-09 15:22:12,205 DEBUG   SenderThread:44911 [sender.py:send_request():246] send_request: stop_status
2022-05-09 15:22:27,400 DEBUG   HandlerThread:44911 [handler.py:handle_request():141] handle_request: stop_status
2022-05-09 15:22:27,400 DEBUG   SenderThread:44911 [sender.py:send_request():246] send_request: stop_status
2022-05-09 15:22:35,286 DEBUG   SenderThread:44911 [sender.py:send():232] send: stats
2022-05-09 15:22:43,108 DEBUG   HandlerThread:44911 [handler.py:handle_request():141] handle_request: stop_status
2022-05-09 15:22:43,109 DEBUG   SenderThread:44911 [sender.py:send_request():246] send_request: stop_status
2022-05-09 15:22:58,278 DEBUG   HandlerThread:44911 [handler.py:handle_request():141] handle_request: stop_status
2022-05-09 15:22:58,278 DEBUG   SenderThread:44911 [sender.py:send_request():246] send_request: stop_status
2022-05-09 15:23:05,539 DEBUG   SenderThread:44911 [sender.py:send():232] send: stats
2022-05-09 15:23:13,429 DEBUG   HandlerThread:44911 [handler.py:handle_request():141] handle_request: stop_status
2022-05-09 15:23:13,429 DEBUG   SenderThread:44911 [sender.py:send_request():246] send_request: stop_status
2022-05-09 15:23:28,575 DEBUG   HandlerThread:44911 [handler.py:handle_request():141] handle_request: stop_status
2022-05-09 15:23:28,575 DEBUG   SenderThread:44911 [sender.py:send_request():246] send_request: stop_status
2022-05-09 15:23:35,914 DEBUG   SenderThread:44911 [sender.py:send():232] send: stats
2022-05-09 15:23:43,746 DEBUG   HandlerThread:44911 [handler.py:handle_request():141] handle_request: stop_status
2022-05-09 15:23:43,746 DEBUG   SenderThread:44911 [sender.py:send_request():246] send_request: stop_status
2022-05-09 15:23:58,891 DEBUG   HandlerThread:44911 [handler.py:handle_request():141] handle_request: stop_status
2022-05-09 15:23:58,891 DEBUG   SenderThread:44911 [sender.py:send_request():246] send_request: stop_status
2022-05-09 15:24:06,163 DEBUG   SenderThread:44911 [sender.py:send():232] send: stats
2022-05-09 15:24:14,046 DEBUG   HandlerThread:44911 [handler.py:handle_request():141] handle_request: stop_status
2022-05-09 15:24:14,047 DEBUG   SenderThread:44911 [sender.py:send_request():246] send_request: stop_status
2022-05-09 15:24:29,194 DEBUG   HandlerThread:44911 [handler.py:handle_request():141] handle_request: stop_status
2022-05-09 15:24:29,195 DEBUG   SenderThread:44911 [sender.py:send_request():246] send_request: stop_status
2022-05-09 15:24:36,340 DEBUG   SenderThread:44911 [sender.py:send():232] send: stats
2022-05-09 15:24:44,340 DEBUG   HandlerThread:44911 [handler.py:handle_request():141] handle_request: stop_status
2022-05-09 15:24:44,340 DEBUG   SenderThread:44911 [sender.py:send_request():246] send_request: stop_status
2022-05-09 15:24:59,494 DEBUG   HandlerThread:44911 [handler.py:handle_request():141] handle_request: stop_status
2022-05-09 15:24:59,494 DEBUG   SenderThread:44911 [sender.py:send_request():246] send_request: stop_status
2022-05-09 15:25:06,539 DEBUG   SenderThread:44911 [sender.py:send():232] send: stats
2022-05-09 15:25:14,667 DEBUG   HandlerThread:44911 [handler.py:handle_request():141] handle_request: stop_status
2022-05-09 15:25:14,668 DEBUG   SenderThread:44911 [sender.py:send_request():246] send_request: stop_status
2022-05-09 15:25:29,839 DEBUG   HandlerThread:44911 [handler.py:handle_request():141] handle_request: stop_status
2022-05-09 15:25:29,839 DEBUG   SenderThread:44911 [sender.py:send_request():246] send_request: stop_status
2022-05-09 15:25:37,028 DEBUG   SenderThread:44911 [sender.py:send():232] send: stats
2022-05-09 15:25:45,230 DEBUG   HandlerThread:44911 [handler.py:handle_request():141] handle_request: stop_status
2022-05-09 15:25:45,230 DEBUG   SenderThread:44911 [sender.py:send_request():246] send_request: stop_status
2022-05-09 15:26:00,389 DEBUG   HandlerThread:44911 [handler.py:handle_request():141] handle_request: stop_status
2022-05-09 15:26:00,389 DEBUG   SenderThread:44911 [sender.py:send_request():246] send_request: stop_status
2022-05-09 15:26:07,457 DEBUG   SenderThread:44911 [sender.py:send():232] send: stats
2022-05-09 15:26:15,889 DEBUG   HandlerThread:44911 [handler.py:handle_request():141] handle_request: stop_status
2022-05-09 15:26:15,889 DEBUG   SenderThread:44911 [sender.py:send_request():246] send_request: stop_status
2022-05-09 15:26:31,053 DEBUG   HandlerThread:44911 [handler.py:handle_request():141] handle_request: stop_status
2022-05-09 15:26:31,053 DEBUG   SenderThread:44911 [sender.py:send_request():246] send_request: stop_status
2022-05-09 15:26:38,031 DEBUG   SenderThread:44911 [sender.py:send():232] send: stats
2022-05-09 15:26:46,257 DEBUG   HandlerThread:44911 [handler.py:handle_request():141] handle_request: stop_status
2022-05-09 15:26:46,257 DEBUG   SenderThread:44911 [sender.py:send_request():246] send_request: stop_status
2022-05-09 15:27:01,465 DEBUG   HandlerThread:44911 [handler.py:handle_request():141] handle_request: stop_status
2022-05-09 15:27:01,465 DEBUG   SenderThread:44911 [sender.py:send_request():246] send_request: stop_status
2022-05-09 15:27:08,475 DEBUG   SenderThread:44911 [sender.py:send():232] send: stats
2022-05-09 15:27:16,663 DEBUG   HandlerThread:44911 [handler.py:handle_request():141] handle_request: stop_status
2022-05-09 15:27:16,663 DEBUG   SenderThread:44911 [sender.py:send_request():246] send_request: stop_status
2022-05-09 15:27:31,815 DEBUG   HandlerThread:44911 [handler.py:handle_request():141] handle_request: stop_status
2022-05-09 15:27:31,815 DEBUG   SenderThread:44911 [sender.py:send_request():246] send_request: stop_status
2022-05-09 15:27:38,635 DEBUG   SenderThread:44911 [sender.py:send():232] send: stats
2022-05-09 15:27:46,965 DEBUG   HandlerThread:44911 [handler.py:handle_request():141] handle_request: stop_status
2022-05-09 15:27:46,966 DEBUG   SenderThread:44911 [sender.py:send_request():246] send_request: stop_status
2022-05-09 15:28:02,116 DEBUG   HandlerThread:44911 [handler.py:handle_request():141] handle_request: stop_status
2022-05-09 15:28:02,116 DEBUG   SenderThread:44911 [sender.py:send_request():246] send_request: stop_status
2022-05-09 15:28:08,833 DEBUG   SenderThread:44911 [sender.py:send():232] send: stats
2022-05-09 15:28:17,264 DEBUG   HandlerThread:44911 [handler.py:handle_request():141] handle_request: stop_status
2022-05-09 15:28:17,264 DEBUG   SenderThread:44911 [sender.py:send_request():246] send_request: stop_status
2022-05-09 15:28:32,426 DEBUG   HandlerThread:44911 [handler.py:handle_request():141] handle_request: stop_status
2022-05-09 15:28:32,426 DEBUG   SenderThread:44911 [sender.py:send_request():246] send_request: stop_status
2022-05-09 15:28:38,949 DEBUG   SenderThread:44911 [sender.py:send():232] send: stats
2022-05-09 15:28:47,575 DEBUG   HandlerThread:44911 [handler.py:handle_request():141] handle_request: stop_status
2022-05-09 15:28:47,575 DEBUG   SenderThread:44911 [sender.py:send_request():246] send_request: stop_status
2022-05-09 15:29:02,732 DEBUG   HandlerThread:44911 [handler.py:handle_request():141] handle_request: stop_status
2022-05-09 15:29:02,733 DEBUG   SenderThread:44911 [sender.py:send_request():246] send_request: stop_status
2022-05-09 15:29:09,204 DEBUG   SenderThread:44911 [sender.py:send():232] send: stats
2022-05-09 15:29:17,915 DEBUG   HandlerThread:44911 [handler.py:handle_request():141] handle_request: stop_status
2022-05-09 15:29:17,915 DEBUG   SenderThread:44911 [sender.py:send_request():246] send_request: stop_status
2022-05-09 15:29:33,084 DEBUG   HandlerThread:44911 [handler.py:handle_request():141] handle_request: stop_status
2022-05-09 15:29:33,084 DEBUG   SenderThread:44911 [sender.py:send_request():246] send_request: stop_status
2022-05-09 15:29:39,363 DEBUG   SenderThread:44911 [sender.py:send():232] send: stats
2022-05-09 15:29:48,230 DEBUG   HandlerThread:44911 [handler.py:handle_request():141] handle_request: stop_status
2022-05-09 15:29:48,230 DEBUG   SenderThread:44911 [sender.py:send_request():246] send_request: stop_status
2022-05-09 15:30:03,378 DEBUG   HandlerThread:44911 [handler.py:handle_request():141] handle_request: stop_status
2022-05-09 15:30:03,378 DEBUG   SenderThread:44911 [sender.py:send_request():246] send_request: stop_status
2022-05-09 15:30:09,496 DEBUG   SenderThread:44911 [sender.py:send():232] send: stats
2022-05-09 15:30:18,524 DEBUG   HandlerThread:44911 [handler.py:handle_request():141] handle_request: stop_status
2022-05-09 15:30:18,524 DEBUG   SenderThread:44911 [sender.py:send_request():246] send_request: stop_status
2022-05-09 15:30:33,672 DEBUG   HandlerThread:44911 [handler.py:handle_request():141] handle_request: stop_status
2022-05-09 15:30:33,672 DEBUG   SenderThread:44911 [sender.py:send_request():246] send_request: stop_status
2022-05-09 15:30:39,945 DEBUG   SenderThread:44911 [sender.py:send():232] send: stats
2022-05-09 15:30:48,821 DEBUG   HandlerThread:44911 [handler.py:handle_request():141] handle_request: stop_status
2022-05-09 15:30:48,821 DEBUG   SenderThread:44911 [sender.py:send_request():246] send_request: stop_status
2022-05-09 15:31:07,735 DEBUG   HandlerThread:44911 [handler.py:handle_request():141] handle_request: stop_status
2022-05-09 15:31:07,736 DEBUG   SenderThread:44911 [sender.py:send_request():246] send_request: stop_status
2022-05-09 15:31:10,124 DEBUG   SenderThread:44911 [sender.py:send():232] send: stats
2022-05-09 15:31:22,891 DEBUG   HandlerThread:44911 [handler.py:handle_request():141] handle_request: stop_status
2022-05-09 15:31:22,891 DEBUG   SenderThread:44911 [sender.py:send_request():246] send_request: stop_status
2022-05-09 15:31:38,251 DEBUG   HandlerThread:44911 [handler.py:handle_request():141] handle_request: stop_status
2022-05-09 15:31:38,252 DEBUG   SenderThread:44911 [sender.py:send_request():246] send_request: stop_status
2022-05-09 15:31:40,265 DEBUG   SenderThread:44911 [sender.py:send():232] send: stats
2022-05-09 15:31:53,596 DEBUG   HandlerThread:44911 [handler.py:handle_request():141] handle_request: stop_status
2022-05-09 15:31:53,596 DEBUG   SenderThread:44911 [sender.py:send_request():246] send_request: stop_status
2022-05-09 15:32:08,759 DEBUG   HandlerThread:44911 [handler.py:handle_request():141] handle_request: stop_status
2022-05-09 15:32:08,759 DEBUG   SenderThread:44911 [sender.py:send_request():246] send_request: stop_status
2022-05-09 15:32:10,489 DEBUG   SenderThread:44911 [sender.py:send():232] send: stats
2022-05-09 15:32:24,195 DEBUG   HandlerThread:44911 [handler.py:handle_request():141] handle_request: stop_status
2022-05-09 15:32:24,195 DEBUG   SenderThread:44911 [sender.py:send_request():246] send_request: stop_status
2022-05-09 15:32:39,541 DEBUG   HandlerThread:44911 [handler.py:handle_request():141] handle_request: stop_status
2022-05-09 15:32:39,541 DEBUG   SenderThread:44911 [sender.py:send_request():246] send_request: stop_status
2022-05-09 15:32:40,742 DEBUG   SenderThread:44911 [sender.py:send():232] send: stats
2022-05-09 15:32:54,687 DEBUG   HandlerThread:44911 [handler.py:handle_request():141] handle_request: stop_status
2022-05-09 15:32:54,687 DEBUG   SenderThread:44911 [sender.py:send_request():246] send_request: stop_status
2022-05-09 15:33:09,850 DEBUG   HandlerThread:44911 [handler.py:handle_request():141] handle_request: stop_status
2022-05-09 15:33:09,850 DEBUG   SenderThread:44911 [sender.py:send_request():246] send_request: stop_status
2022-05-09 15:33:11,007 DEBUG   SenderThread:44911 [sender.py:send():232] send: stats
2022-05-09 15:33:25,014 DEBUG   HandlerThread:44911 [handler.py:handle_request():141] handle_request: stop_status
2022-05-09 15:33:25,022 DEBUG   SenderThread:44911 [sender.py:send_request():246] send_request: stop_status
2022-05-09 15:33:40,201 DEBUG   HandlerThread:44911 [handler.py:handle_request():141] handle_request: stop_status
2022-05-09 15:33:40,201 DEBUG   SenderThread:44911 [sender.py:send_request():246] send_request: stop_status
2022-05-09 15:33:41,438 DEBUG   SenderThread:44911 [sender.py:send():232] send: stats
2022-05-09 15:33:55,747 DEBUG   HandlerThread:44911 [handler.py:handle_request():141] handle_request: stop_status
2022-05-09 15:33:55,747 DEBUG   SenderThread:44911 [sender.py:send_request():246] send_request: stop_status
2022-05-09 15:34:10,915 DEBUG   HandlerThread:44911 [handler.py:handle_request():141] handle_request: stop_status
2022-05-09 15:34:10,915 DEBUG   SenderThread:44911 [sender.py:send_request():246] send_request: stop_status
2022-05-09 15:34:11,824 DEBUG   SenderThread:44911 [sender.py:send():232] send: stats
2022-05-09 15:34:26,065 DEBUG   HandlerThread:44911 [handler.py:handle_request():141] handle_request: stop_status
2022-05-09 15:34:26,066 DEBUG   SenderThread:44911 [sender.py:send_request():246] send_request: stop_status
2022-05-09 15:34:41,222 DEBUG   HandlerThread:44911 [handler.py:handle_request():141] handle_request: stop_status
2022-05-09 15:34:41,222 DEBUG   SenderThread:44911 [sender.py:send_request():246] send_request: stop_status
2022-05-09 15:34:42,005 DEBUG   SenderThread:44911 [sender.py:send():232] send: stats
2022-05-09 15:34:56,370 DEBUG   HandlerThread:44911 [handler.py:handle_request():141] handle_request: stop_status
2022-05-09 15:34:56,370 DEBUG   SenderThread:44911 [sender.py:send_request():246] send_request: stop_status
2022-05-09 15:35:11,607 DEBUG   HandlerThread:44911 [handler.py:handle_request():141] handle_request: stop_status
2022-05-09 15:35:11,608 DEBUG   SenderThread:44911 [sender.py:send_request():246] send_request: stop_status
2022-05-09 15:35:12,218 DEBUG   SenderThread:44911 [sender.py:send():232] send: stats
2022-05-09 15:35:27,222 DEBUG   HandlerThread:44911 [handler.py:handle_request():141] handle_request: stop_status
2022-05-09 15:35:27,222 DEBUG   SenderThread:44911 [sender.py:send_request():246] send_request: stop_status
2022-05-09 15:35:42,418 DEBUG   HandlerThread:44911 [handler.py:handle_request():141] handle_request: stop_status
2022-05-09 15:35:42,419 DEBUG   SenderThread:44911 [sender.py:send_request():246] send_request: stop_status
2022-05-09 15:35:42,569 DEBUG   SenderThread:44911 [sender.py:send():232] send: stats
2022-05-09 15:35:57,574 DEBUG   HandlerThread:44911 [handler.py:handle_request():141] handle_request: stop_status
2022-05-09 15:35:57,574 DEBUG   SenderThread:44911 [sender.py:send_request():246] send_request: stop_status
2022-05-09 15:36:12,637 DEBUG   SenderThread:44911 [sender.py:send():232] send: stats
2022-05-09 15:36:12,812 DEBUG   HandlerThread:44911 [handler.py:handle_request():141] handle_request: stop_status
2022-05-09 15:36:12,812 DEBUG   SenderThread:44911 [sender.py:send_request():246] send_request: stop_status
2022-05-09 15:36:28,547 DEBUG   HandlerThread:44911 [handler.py:handle_request():141] handle_request: stop_status
2022-05-09 15:36:28,547 DEBUG   SenderThread:44911 [sender.py:send_request():246] send_request: stop_status
2022-05-09 15:36:42,809 DEBUG   SenderThread:44911 [sender.py:send():232] send: stats
2022-05-09 15:36:44,568 DEBUG   HandlerThread:44911 [handler.py:handle_request():141] handle_request: stop_status
2022-05-09 15:36:44,569 DEBUG   SenderThread:44911 [sender.py:send_request():246] send_request: stop_status
2022-05-09 15:36:59,724 DEBUG   HandlerThread:44911 [handler.py:handle_request():141] handle_request: stop_status
2022-05-09 15:36:59,724 DEBUG   SenderThread:44911 [sender.py:send_request():246] send_request: stop_status
2022-05-09 15:37:12,970 DEBUG   SenderThread:44911 [sender.py:send():232] send: stats
2022-05-09 15:37:15,274 DEBUG   HandlerThread:44911 [handler.py:handle_request():141] handle_request: stop_status
2022-05-09 15:37:15,274 DEBUG   SenderThread:44911 [sender.py:send_request():246] send_request: stop_status
2022-05-09 15:37:30,454 DEBUG   HandlerThread:44911 [handler.py:handle_request():141] handle_request: stop_status
2022-05-09 15:37:30,454 DEBUG   SenderThread:44911 [sender.py:send_request():246] send_request: stop_status
2022-05-09 15:37:43,116 DEBUG   SenderThread:44911 [sender.py:send():232] send: stats
2022-05-09 15:37:45,678 DEBUG   HandlerThread:44911 [handler.py:handle_request():141] handle_request: stop_status
2022-05-09 15:37:45,678 DEBUG   SenderThread:44911 [sender.py:send_request():246] send_request: stop_status
2022-05-09 15:38:00,823 DEBUG   HandlerThread:44911 [handler.py:handle_request():141] handle_request: stop_status
2022-05-09 15:38:00,823 DEBUG   SenderThread:44911 [sender.py:send_request():246] send_request: stop_status
2022-05-09 15:38:13,366 DEBUG   SenderThread:44911 [sender.py:send():232] send: stats
2022-05-09 15:38:16,002 DEBUG   HandlerThread:44911 [handler.py:handle_request():141] handle_request: stop_status
2022-05-09 15:38:16,002 DEBUG   SenderThread:44911 [sender.py:send_request():246] send_request: stop_status
2022-05-09 15:38:31,178 DEBUG   HandlerThread:44911 [handler.py:handle_request():141] handle_request: stop_status
2022-05-09 15:38:31,178 DEBUG   SenderThread:44911 [sender.py:send_request():246] send_request: stop_status
2022-05-09 15:38:43,433 DEBUG   SenderThread:44911 [sender.py:send():232] send: stats
2022-05-09 15:38:47,099 DEBUG   HandlerThread:44911 [handler.py:handle_request():141] handle_request: stop_status
2022-05-09 15:38:47,099 DEBUG   SenderThread:44911 [sender.py:send_request():246] send_request: stop_status
2022-05-09 15:39:02,476 DEBUG   HandlerThread:44911 [handler.py:handle_request():141] handle_request: stop_status
2022-05-09 15:39:02,477 DEBUG   SenderThread:44911 [sender.py:send_request():246] send_request: stop_status
2022-05-09 15:39:13,617 DEBUG   SenderThread:44911 [sender.py:send():232] send: stats
2022-05-09 15:39:17,624 DEBUG   HandlerThread:44911 [handler.py:handle_request():141] handle_request: stop_status
2022-05-09 15:39:17,625 DEBUG   SenderThread:44911 [sender.py:send_request():246] send_request: stop_status
2022-05-09 15:39:32,785 DEBUG   HandlerThread:44911 [handler.py:handle_request():141] handle_request: stop_status
2022-05-09 15:39:32,785 DEBUG   SenderThread:44911 [sender.py:send_request():246] send_request: stop_status
2022-05-09 15:39:43,811 DEBUG   SenderThread:44911 [sender.py:send():232] send: stats
2022-05-09 15:39:47,970 DEBUG   HandlerThread:44911 [handler.py:handle_request():141] handle_request: stop_status
2022-05-09 15:39:47,970 DEBUG   SenderThread:44911 [sender.py:send_request():246] send_request: stop_status
2022-05-09 15:40:03,114 DEBUG   HandlerThread:44911 [handler.py:handle_request():141] handle_request: stop_status
2022-05-09 15:40:03,115 DEBUG   SenderThread:44911 [sender.py:send_request():246] send_request: stop_status
2022-05-09 15:40:14,013 DEBUG   SenderThread:44911 [sender.py:send():232] send: stats
2022-05-09 15:40:18,303 DEBUG   HandlerThread:44911 [handler.py:handle_request():141] handle_request: stop_status
2022-05-09 15:40:18,303 DEBUG   SenderThread:44911 [sender.py:send_request():246] send_request: stop_status
2022-05-09 15:40:33,611 DEBUG   HandlerThread:44911 [handler.py:handle_request():141] handle_request: stop_status
2022-05-09 15:40:33,611 DEBUG   SenderThread:44911 [sender.py:send_request():246] send_request: stop_status
2022-05-09 15:40:44,170 DEBUG   SenderThread:44911 [sender.py:send():232] send: stats
2022-05-09 15:40:48,763 DEBUG   HandlerThread:44911 [handler.py:handle_request():141] handle_request: stop_status
2022-05-09 15:40:48,764 DEBUG   SenderThread:44911 [sender.py:send_request():246] send_request: stop_status
2022-05-09 15:41:03,919 DEBUG   HandlerThread:44911 [handler.py:handle_request():141] handle_request: stop_status
2022-05-09 15:41:03,919 DEBUG   SenderThread:44911 [sender.py:send_request():246] send_request: stop_status
2022-05-09 15:41:14,287 DEBUG   SenderThread:44911 [sender.py:send():232] send: stats
2022-05-09 15:41:19,077 DEBUG   HandlerThread:44911 [handler.py:handle_request():141] handle_request: stop_status
2022-05-09 15:41:19,077 DEBUG   SenderThread:44911 [sender.py:send_request():246] send_request: stop_status
2022-05-09 15:41:34,242 DEBUG   HandlerThread:44911 [handler.py:handle_request():141] handle_request: stop_status
2022-05-09 15:41:34,256 DEBUG   SenderThread:44911 [sender.py:send_request():246] send_request: stop_status
2022-05-09 15:41:44,476 DEBUG   SenderThread:44911 [sender.py:send():232] send: stats
2022-05-09 15:41:49,394 DEBUG   HandlerThread:44911 [handler.py:handle_request():141] handle_request: stop_status
2022-05-09 15:41:49,394 DEBUG   SenderThread:44911 [sender.py:send_request():246] send_request: stop_status
2022-05-09 15:42:04,555 DEBUG   HandlerThread:44911 [handler.py:handle_request():141] handle_request: stop_status
2022-05-09 15:42:04,555 DEBUG   SenderThread:44911 [sender.py:send_request():246] send_request: stop_status
2022-05-09 15:42:14,622 DEBUG   SenderThread:44911 [sender.py:send():232] send: stats
2022-05-09 15:42:19,726 DEBUG   HandlerThread:44911 [handler.py:handle_request():141] handle_request: stop_status
2022-05-09 15:42:19,726 DEBUG   SenderThread:44911 [sender.py:send_request():246] send_request: stop_status
2022-05-09 15:42:35,032 DEBUG   HandlerThread:44911 [handler.py:handle_request():141] handle_request: stop_status
2022-05-09 15:42:35,032 DEBUG   SenderThread:44911 [sender.py:send_request():246] send_request: stop_status
2022-05-09 15:42:44,849 DEBUG   SenderThread:44911 [sender.py:send():232] send: stats
2022-05-09 15:42:50,181 DEBUG   HandlerThread:44911 [handler.py:handle_request():141] handle_request: stop_status
2022-05-09 15:42:50,181 DEBUG   SenderThread:44911 [sender.py:send_request():246] send_request: stop_status
2022-05-09 15:43:07,010 DEBUG   HandlerThread:44911 [handler.py:handle_request():141] handle_request: stop_status
2022-05-09 15:43:07,010 DEBUG   SenderThread:44911 [sender.py:send_request():246] send_request: stop_status
2022-05-09 15:43:14,964 DEBUG   SenderThread:44911 [sender.py:send():232] send: stats
2022-05-09 15:43:22,163 DEBUG   HandlerThread:44911 [handler.py:handle_request():141] handle_request: stop_status
2022-05-09 15:43:22,163 DEBUG   SenderThread:44911 [sender.py:send_request():246] send_request: stop_status
2022-05-09 15:43:37,308 DEBUG   HandlerThread:44911 [handler.py:handle_request():141] handle_request: stop_status
2022-05-09 15:43:37,308 DEBUG   SenderThread:44911 [sender.py:send_request():246] send_request: stop_status
2022-05-09 15:43:45,075 DEBUG   SenderThread:44911 [sender.py:send():232] send: stats
2022-05-09 15:43:52,456 DEBUG   HandlerThread:44911 [handler.py:handle_request():141] handle_request: stop_status
2022-05-09 15:43:52,456 DEBUG   SenderThread:44911 [sender.py:send_request():246] send_request: stop_status
2022-05-09 15:44:07,604 DEBUG   HandlerThread:44911 [handler.py:handle_request():141] handle_request: stop_status
2022-05-09 15:44:07,604 DEBUG   SenderThread:44911 [sender.py:send_request():246] send_request: stop_status
2022-05-09 15:44:15,346 DEBUG   SenderThread:44911 [sender.py:send():232] send: stats
2022-05-09 15:44:22,772 DEBUG   HandlerThread:44911 [handler.py:handle_request():141] handle_request: stop_status
2022-05-09 15:44:22,772 DEBUG   SenderThread:44911 [sender.py:send_request():246] send_request: stop_status
2022-05-09 15:44:39,085 DEBUG   HandlerThread:44911 [handler.py:handle_request():141] handle_request: stop_status
2022-05-09 15:44:39,086 DEBUG   SenderThread:44911 [sender.py:send_request():246] send_request: stop_status
2022-05-09 15:44:45,502 DEBUG   SenderThread:44911 [sender.py:send():232] send: stats
2022-05-09 15:44:54,237 DEBUG   HandlerThread:44911 [handler.py:handle_request():141] handle_request: stop_status
2022-05-09 15:44:54,237 DEBUG   SenderThread:44911 [sender.py:send_request():246] send_request: stop_status
2022-05-09 15:45:09,411 DEBUG   HandlerThread:44911 [handler.py:handle_request():141] handle_request: stop_status
2022-05-09 15:45:09,411 DEBUG   SenderThread:44911 [sender.py:send_request():246] send_request: stop_status
2022-05-09 15:45:15,627 DEBUG   SenderThread:44911 [sender.py:send():232] send: stats
2022-05-09 15:45:25,550 DEBUG   HandlerThread:44911 [handler.py:handle_request():141] handle_request: stop_status
2022-05-09 15:45:25,550 DEBUG   SenderThread:44911 [sender.py:send_request():246] send_request: stop_status
2022-05-09 15:45:40,699 DEBUG   HandlerThread:44911 [handler.py:handle_request():141] handle_request: stop_status
2022-05-09 15:45:40,699 DEBUG   SenderThread:44911 [sender.py:send_request():246] send_request: stop_status
2022-05-09 15:45:45,738 DEBUG   SenderThread:44911 [sender.py:send():232] send: stats
2022-05-09 15:45:55,842 DEBUG   HandlerThread:44911 [handler.py:handle_request():141] handle_request: stop_status
2022-05-09 15:45:55,842 DEBUG   SenderThread:44911 [sender.py:send_request():246] send_request: stop_status
2022-05-09 15:46:10,999 DEBUG   HandlerThread:44911 [handler.py:handle_request():141] handle_request: stop_status
2022-05-09 15:46:10,999 DEBUG   SenderThread:44911 [sender.py:send_request():246] send_request: stop_status
2022-05-09 15:46:15,949 DEBUG   SenderThread:44911 [sender.py:send():232] send: stats
2022-05-09 15:46:26,148 DEBUG   HandlerThread:44911 [handler.py:handle_request():141] handle_request: stop_status
2022-05-09 15:46:26,149 DEBUG   SenderThread:44911 [sender.py:send_request():246] send_request: stop_status
2022-05-09 15:46:41,367 DEBUG   HandlerThread:44911 [handler.py:handle_request():141] handle_request: stop_status
2022-05-09 15:46:41,367 DEBUG   SenderThread:44911 [sender.py:send_request():246] send_request: stop_status
2022-05-09 15:46:46,125 DEBUG   SenderThread:44911 [sender.py:send():232] send: stats
2022-05-09 15:46:56,556 DEBUG   HandlerThread:44911 [handler.py:handle_request():141] handle_request: stop_status
2022-05-09 15:46:56,556 DEBUG   SenderThread:44911 [sender.py:send_request():246] send_request: stop_status
2022-05-09 15:47:11,711 DEBUG   HandlerThread:44911 [handler.py:handle_request():141] handle_request: stop_status
2022-05-09 15:47:11,711 DEBUG   SenderThread:44911 [sender.py:send_request():246] send_request: stop_status
2022-05-09 15:47:16,224 DEBUG   SenderThread:44911 [sender.py:send():232] send: stats
2022-05-09 15:47:27,024 DEBUG   HandlerThread:44911 [handler.py:handle_request():141] handle_request: stop_status
2022-05-09 15:47:27,024 DEBUG   SenderThread:44911 [sender.py:send_request():246] send_request: stop_status
2022-05-09 15:47:42,682 DEBUG   HandlerThread:44911 [handler.py:handle_request():141] handle_request: stop_status
2022-05-09 15:47:42,682 DEBUG   SenderThread:44911 [sender.py:send_request():246] send_request: stop_status
2022-05-09 15:47:46,357 DEBUG   SenderThread:44911 [sender.py:send():232] send: stats
2022-05-09 15:47:57,843 DEBUG   HandlerThread:44911 [handler.py:handle_request():141] handle_request: stop_status
2022-05-09 15:47:57,843 DEBUG   SenderThread:44911 [sender.py:send_request():246] send_request: stop_status
2022-05-09 15:48:13,357 DEBUG   HandlerThread:44911 [handler.py:handle_request():141] handle_request: stop_status
2022-05-09 15:48:13,357 DEBUG   SenderThread:44911 [sender.py:send_request():246] send_request: stop_status
2022-05-09 15:48:16,507 DEBUG   SenderThread:44911 [sender.py:send():232] send: stats
2022-05-09 15:48:28,503 DEBUG   HandlerThread:44911 [handler.py:handle_request():141] handle_request: stop_status
2022-05-09 15:48:28,503 DEBUG   SenderThread:44911 [sender.py:send_request():246] send_request: stop_status
2022-05-09 15:48:43,656 DEBUG   HandlerThread:44911 [handler.py:handle_request():141] handle_request: stop_status
2022-05-09 15:48:43,656 DEBUG   SenderThread:44911 [sender.py:send_request():246] send_request: stop_status
2022-05-09 15:48:46,618 DEBUG   SenderThread:44911 [sender.py:send():232] send: stats
2022-05-09 15:48:58,801 DEBUG   HandlerThread:44911 [handler.py:handle_request():141] handle_request: stop_status
2022-05-09 15:48:58,801 DEBUG   SenderThread:44911 [sender.py:send_request():246] send_request: stop_status
2022-05-09 15:49:13,954 DEBUG   HandlerThread:44911 [handler.py:handle_request():141] handle_request: stop_status
2022-05-09 15:49:13,954 DEBUG   SenderThread:44911 [sender.py:send_request():246] send_request: stop_status
2022-05-09 15:49:16,722 DEBUG   SenderThread:44911 [sender.py:send():232] send: stats
2022-05-09 15:49:29,096 DEBUG   HandlerThread:44911 [handler.py:handle_request():141] handle_request: stop_status
2022-05-09 15:49:29,096 DEBUG   SenderThread:44911 [sender.py:send_request():246] send_request: stop_status
2022-05-09 15:49:44,244 DEBUG   HandlerThread:44911 [handler.py:handle_request():141] handle_request: stop_status
2022-05-09 15:49:44,244 DEBUG   SenderThread:44911 [sender.py:send_request():246] send_request: stop_status
2022-05-09 15:49:46,825 DEBUG   SenderThread:44911 [sender.py:send():232] send: stats
2022-05-09 15:49:59,403 DEBUG   HandlerThread:44911 [handler.py:handle_request():141] handle_request: stop_status
2022-05-09 15:49:59,403 DEBUG   SenderThread:44911 [sender.py:send_request():246] send_request: stop_status
2022-05-09 15:50:14,616 DEBUG   HandlerThread:44911 [handler.py:handle_request():141] handle_request: stop_status
2022-05-09 15:50:14,616 DEBUG   SenderThread:44911 [sender.py:send_request():246] send_request: stop_status
2022-05-09 15:50:16,969 DEBUG   SenderThread:44911 [sender.py:send():232] send: stats
2022-05-09 15:50:29,787 DEBUG   HandlerThread:44911 [handler.py:handle_request():141] handle_request: stop_status
2022-05-09 15:50:29,787 DEBUG   SenderThread:44911 [sender.py:send_request():246] send_request: stop_status
2022-05-09 15:50:44,932 DEBUG   HandlerThread:44911 [handler.py:handle_request():141] handle_request: stop_status
2022-05-09 15:50:44,932 DEBUG   SenderThread:44911 [sender.py:send_request():246] send_request: stop_status
2022-05-09 15:50:47,098 DEBUG   SenderThread:44911 [sender.py:send():232] send: stats
2022-05-09 15:51:00,097 DEBUG   HandlerThread:44911 [handler.py:handle_request():141] handle_request: stop_status
2022-05-09 15:51:00,097 DEBUG   SenderThread:44911 [sender.py:send_request():246] send_request: stop_status
2022-05-09 15:51:17,221 DEBUG   SenderThread:44911 [sender.py:send():232] send: stats
2022-05-09 15:51:20,097 DEBUG   HandlerThread:44911 [handler.py:handle_request():141] handle_request: stop_status
2022-05-09 15:51:20,097 DEBUG   SenderThread:44911 [sender.py:send_request():246] send_request: stop_status
2022-05-09 15:51:40,098 DEBUG   HandlerThread:44911 [handler.py:handle_request():141] handle_request: stop_status
2022-05-09 15:51:53,690 ERROR   SenderThread:44911 [retry.py:__call__():126] Retry attempt failed:
Traceback (most recent call last):
  File "/home/luca/miniconda3/envs/cyclesgym/lib/python3.8/site-packages/urllib3/connectionpool.py", line 449, in _make_request
    six.raise_from(e, None)
  File "<string>", line 3, in raise_from
  File "/home/luca/miniconda3/envs/cyclesgym/lib/python3.8/site-packages/urllib3/connectionpool.py", line 444, in _make_request
    httplib_response = conn.getresponse()
  File "/home/luca/miniconda3/envs/cyclesgym/lib/python3.8/http/client.py", line 1348, in getresponse
    response.begin()
  File "/home/luca/miniconda3/envs/cyclesgym/lib/python3.8/http/client.py", line 316, in begin
    version, status, reason = self._read_status()
  File "/home/luca/miniconda3/envs/cyclesgym/lib/python3.8/http/client.py", line 277, in _read_status
    line = str(self.fp.readline(_MAXLINE + 1), "iso-8859-1")
  File "/home/luca/miniconda3/envs/cyclesgym/lib/python3.8/socket.py", line 669, in readinto
    return self._sock.recv_into(b)
  File "/home/luca/miniconda3/envs/cyclesgym/lib/python3.8/ssl.py", line 1241, in recv_into
    return self.read(nbytes, buffer)
  File "/home/luca/miniconda3/envs/cyclesgym/lib/python3.8/ssl.py", line 1099, in read
    return self._sslobj.read(len, buffer)
socket.timeout: The read operation timed out

During handling of the above exception, another exception occurred:

Traceback (most recent call last):
  File "/home/luca/miniconda3/envs/cyclesgym/lib/python3.8/site-packages/requests/adapters.py", line 440, in send
    resp = conn.urlopen(
  File "/home/luca/miniconda3/envs/cyclesgym/lib/python3.8/site-packages/urllib3/connectionpool.py", line 785, in urlopen
    retries = retries.increment(
  File "/home/luca/miniconda3/envs/cyclesgym/lib/python3.8/site-packages/urllib3/util/retry.py", line 550, in increment
    raise six.reraise(type(error), error, _stacktrace)
  File "/home/luca/miniconda3/envs/cyclesgym/lib/python3.8/site-packages/urllib3/packages/six.py", line 770, in reraise
    raise value
  File "/home/luca/miniconda3/envs/cyclesgym/lib/python3.8/site-packages/urllib3/connectionpool.py", line 703, in urlopen
    httplib_response = self._make_request(
  File "/home/luca/miniconda3/envs/cyclesgym/lib/python3.8/site-packages/urllib3/connectionpool.py", line 451, in _make_request
    self._raise_timeout(err=e, url=url, timeout_value=read_timeout)
  File "/home/luca/miniconda3/envs/cyclesgym/lib/python3.8/site-packages/urllib3/connectionpool.py", line 340, in _raise_timeout
    raise ReadTimeoutError(
urllib3.exceptions.ReadTimeoutError: HTTPSConnectionPool(host='api.wandb.ai', port=443): Read timed out. (read timeout=10)

During handling of the above exception, another exception occurred:

Traceback (most recent call last):
  File "/home/luca/miniconda3/envs/cyclesgym/lib/python3.8/site-packages/wandb/sdk/lib/retry.py", line 102, in __call__
    result = self._call_fn(*args, **kwargs)
  File "/home/luca/miniconda3/envs/cyclesgym/lib/python3.8/site-packages/wandb/sdk/internal/internal_api.py", line 140, in execute
    return self.client.execute(*args, **kwargs)
  File "/home/luca/miniconda3/envs/cyclesgym/lib/python3.8/site-packages/wandb/vendor/gql-0.2.0/wandb_gql/client.py", line 52, in execute
    result = self._get_result(document, *args, **kwargs)
  File "/home/luca/miniconda3/envs/cyclesgym/lib/python3.8/site-packages/wandb/vendor/gql-0.2.0/wandb_gql/client.py", line 60, in _get_result
    return self.transport.execute(document, *args, **kwargs)
  File "/home/luca/miniconda3/envs/cyclesgym/lib/python3.8/site-packages/wandb/vendor/gql-0.2.0/wandb_gql/transport/requests.py", line 38, in execute
    request = requests.post(self.url, **post_args)
  File "/home/luca/miniconda3/envs/cyclesgym/lib/python3.8/site-packages/requests/api.py", line 117, in post
    return request('post', url, data=data, json=json, **kwargs)
  File "/home/luca/miniconda3/envs/cyclesgym/lib/python3.8/site-packages/requests/api.py", line 61, in request
    return session.request(method=method, url=url, **kwargs)
  File "/home/luca/miniconda3/envs/cyclesgym/lib/python3.8/site-packages/requests/sessions.py", line 529, in request
    resp = self.send(prep, **send_kwargs)
  File "/home/luca/miniconda3/envs/cyclesgym/lib/python3.8/site-packages/requests/sessions.py", line 645, in send
    r = adapter.send(request, **kwargs)
  File "/home/luca/miniconda3/envs/cyclesgym/lib/python3.8/site-packages/requests/adapters.py", line 532, in send
    raise ReadTimeout(e, request=request)
requests.exceptions.ReadTimeout: HTTPSConnectionPool(host='api.wandb.ai', port=443): Read timed out. (read timeout=10)
2022-05-09 15:52:00,098 DEBUG   HandlerThread:44911 [handler.py:handle_request():141] handle_request: stop_status
2022-05-09 15:52:12,339 WARNING FileStreamThread:44911 [file_stream.py:request_with_retry():593] requests_with_retry encountered retryable exception: 500 Server Error: Internal Server Error for url: https://api.wandb.ai/files/koralabs/cyclesgym/bp6nuloa/file_stream. func: <bound method Session.post of <requests.sessions.Session object at 0x7fe312580430>>, args: ('https://api.wandb.ai/files/koralabs/cyclesgym/bp6nuloa/file_stream',), kwargs: {'json': {'files': {'wandb-events.jsonl': {'offset': 67, 'content': ['{"system.cpu": 99.62, "system.memory": 47.26, "system.disk": 66.01, "system.proc.memory.availableMB": 16880.62, "system.proc.memory.rssMB": 97.34, "system.proc.memory.percent": 0.3, "system.proc.cpu.threads": 14.0, "system.network.sent": 1979543893, "system.network.recv": 108937561, "_wandb": true, "_timestamp": 1652104277, "_runtime": 2056}']}}, 'dropped': 0}}
2022-05-09 15:52:20,098 DEBUG   HandlerThread:44911 [handler.py:handle_request():141] handle_request: stop_status
2022-05-09 15:52:28,540 WARNING FileStreamThread:44911 [file_stream.py:request_with_retry():593] requests_with_retry encountered retryable exception: 500 Server Error: Internal Server Error for url: https://api.wandb.ai/files/koralabs/cyclesgym/bp6nuloa/file_stream. func: <bound method Session.post of <requests.sessions.Session object at 0x7fe312580430>>, args: ('https://api.wandb.ai/files/koralabs/cyclesgym/bp6nuloa/file_stream',), kwargs: {'json': {'files': {'wandb-events.jsonl': {'offset': 67, 'content': ['{"system.cpu": 99.62, "system.memory": 47.26, "system.disk": 66.01, "system.proc.memory.availableMB": 16880.62, "system.proc.memory.rssMB": 97.34, "system.proc.memory.percent": 0.3, "system.proc.cpu.threads": 14.0, "system.network.sent": 1979543893, "system.network.recv": 108937561, "_wandb": true, "_timestamp": 1652104277, "_runtime": 2056}']}}, 'dropped': 0}}
2022-05-09 15:52:40,099 DEBUG   HandlerThread:44911 [handler.py:handle_request():141] handle_request: stop_status
2022-05-09 15:52:57,475 WARNING FileStreamThread:44911 [file_stream.py:request_with_retry():593] requests_with_retry encountered retryable exception: 500 Server Error: Internal Server Error for url: https://api.wandb.ai/files/koralabs/cyclesgym/bp6nuloa/file_stream. func: <bound method Session.post of <requests.sessions.Session object at 0x7fe312580430>>, args: ('https://api.wandb.ai/files/koralabs/cyclesgym/bp6nuloa/file_stream',), kwargs: {'json': {'files': {'wandb-events.jsonl': {'offset': 67, 'content': ['{"system.cpu": 99.62, "system.memory": 47.26, "system.disk": 66.01, "system.proc.memory.availableMB": 16880.62, "system.proc.memory.rssMB": 97.34, "system.proc.memory.percent": 0.3, "system.proc.cpu.threads": 14.0, "system.network.sent": 1979543893, "system.network.recv": 108937561, "_wandb": true, "_timestamp": 1652104277, "_runtime": 2056}']}}, 'dropped': 0}}
2022-05-09 15:53:00,099 DEBUG   HandlerThread:44911 [handler.py:handle_request():141] handle_request: stop_status
2022-05-09 15:53:07,153 WARNING FileStreamThread:44911 [file_stream.py:request_with_retry():593] requests_with_retry encountered retryable exception: 500 Server Error: Internal Server Error for url: https://api.wandb.ai/files/koralabs/cyclesgym/bp6nuloa/file_stream. func: <bound method Session.post of <requests.sessions.Session object at 0x7fe312580430>>, args: ('https://api.wandb.ai/files/koralabs/cyclesgym/bp6nuloa/file_stream',), kwargs: {'json': {'files': {'wandb-events.jsonl': {'offset': 67, 'content': ['{"system.cpu": 99.62, "system.memory": 47.26, "system.disk": 66.01, "system.proc.memory.availableMB": 16880.62, "system.proc.memory.rssMB": 97.34, "system.proc.memory.percent": 0.3, "system.proc.cpu.threads": 14.0, "system.network.sent": 1979543893, "system.network.recv": 108937561, "_wandb": true, "_timestamp": 1652104277, "_runtime": 2056}']}}, 'dropped': 0}}
2022-05-09 15:53:20,100 DEBUG   HandlerThread:44911 [handler.py:handle_request():141] handle_request: stop_status
2022-05-09 15:53:31,817 DEBUG   SenderThread:44911 [sender.py:send_request():246] send_request: stop_status
2022-05-09 15:53:32,228 DEBUG   SenderThread:44911 [sender.py:send():232] send: stats
2022-05-09 15:53:32,228 DEBUG   SenderThread:44911 [sender.py:send_request():246] send_request: stop_status
2022-05-09 15:53:33,653 DEBUG   SenderThread:44911 [sender.py:send():232] send: stats
2022-05-09 15:53:33,654 DEBUG   SenderThread:44911 [sender.py:send_request():246] send_request: stop_status
2022-05-09 15:53:33,848 DEBUG   SenderThread:44911 [sender.py:send_request():246] send_request: stop_status
2022-05-09 15:53:35,435 DEBUG   SenderThread:44911 [sender.py:send():232] send: stats
2022-05-09 15:53:35,436 DEBUG   SenderThread:44911 [sender.py:send_request():246] send_request: stop_status
2022-05-09 15:53:35,884 DEBUG   SenderThread:44911 [sender.py:send():232] send: stats
2022-05-09 15:53:35,884 DEBUG   SenderThread:44911 [sender.py:send_request():246] send_request: stop_status
2022-05-09 15:53:40,100 DEBUG   HandlerThread:44911 [handler.py:handle_request():141] handle_request: stop_status
2022-05-09 15:53:40,100 DEBUG   SenderThread:44911 [sender.py:send_request():246] send_request: stop_status
2022-05-09 15:53:48,124 DEBUG   SenderThread:44911 [sender.py:send():232] send: stats
2022-05-09 15:53:55,245 DEBUG   HandlerThread:44911 [handler.py:handle_request():141] handle_request: stop_status
2022-05-09 15:53:55,245 DEBUG   SenderThread:44911 [sender.py:send_request():246] send_request: stop_status
2022-05-09 15:54:11,021 DEBUG   HandlerThread:44911 [handler.py:handle_request():141] handle_request: stop_status
2022-05-09 15:54:11,021 DEBUG   SenderThread:44911 [sender.py:send_request():246] send_request: stop_status
2022-05-09 15:54:18,296 DEBUG   SenderThread:44911 [sender.py:send():232] send: stats
2022-05-09 15:54:26,352 DEBUG   HandlerThread:44911 [handler.py:handle_request():141] handle_request: stop_status
2022-05-09 15:54:26,353 DEBUG   SenderThread:44911 [sender.py:send_request():246] send_request: stop_status
2022-05-09 15:54:43,611 DEBUG   HandlerThread:44911 [handler.py:handle_request():141] handle_request: stop_status
2022-05-09 15:54:43,611 DEBUG   SenderThread:44911 [sender.py:send_request():246] send_request: stop_status
2022-05-09 15:54:48,422 DEBUG   SenderThread:44911 [sender.py:send():232] send: stats
2022-05-09 15:54:58,755 DEBUG   HandlerThread:44911 [handler.py:handle_request():141] handle_request: stop_status
2022-05-09 15:54:58,755 DEBUG   SenderThread:44911 [sender.py:send_request():246] send_request: stop_status
2022-05-09 15:55:14,733 DEBUG   HandlerThread:44911 [handler.py:handle_request():141] handle_request: stop_status
2022-05-09 15:55:14,734 DEBUG   SenderThread:44911 [sender.py:send_request():246] send_request: stop_status
2022-05-09 15:55:18,567 DEBUG   SenderThread:44911 [sender.py:send():232] send: stats
2022-05-09 15:55:29,902 DEBUG   HandlerThread:44911 [handler.py:handle_request():141] handle_request: stop_status
2022-05-09 15:55:29,902 DEBUG   SenderThread:44911 [sender.py:send_request():246] send_request: stop_status
2022-05-09 15:55:40,298 WARNING MainThread:44911 [internal.py:wandb_internal():153] Internal process interrupt: 1
2022-05-09 15:55:40,484 WARNING MainThread:44911 [internal.py:wandb_internal():153] Internal process interrupt: 2
2022-05-09 15:55:40,484 ERROR   MainThread:44911 [internal.py:wandb_internal():156] Internal process interrupted.
2022-05-09 15:55:40,586 INFO    WriterThread:44911 [datastore.py:close():279] close: /home/luca/Projects/plant_science/cyclesgym/cyclesgym/wandb/run-20220509_151701-bp6nuloa/run-bp6nuloa.wandb
2022-05-09 15:55:41,215 INFO    SenderThread:44911 [sender.py:finish():1110] shutting down sender
2022-05-09 15:55:41,215 INFO    SenderThread:44911 [dir_watcher.py:finish():312] shutting down directory watcher
2022-05-09 15:55:41,599 INFO    SenderThread:44911 [dir_watcher.py:finish():342] scan: /home/luca/Projects/plant_science/cyclesgym/cyclesgym/wandb/run-20220509_151701-bp6nuloa/files
2022-05-09 15:55:41,599 INFO    SenderThread:44911 [dir_watcher.py:finish():356] scan save: /home/luca/Projects/plant_science/cyclesgym/cyclesgym/wandb/run-20220509_151701-bp6nuloa/files/wandb-summary.json wandb-summary.json
2022-05-09 15:55:41,599 INFO    SenderThread:44911 [dir_watcher.py:finish():356] scan save: /home/luca/Projects/plant_science/cyclesgym/cyclesgym/wandb/run-20220509_151701-bp6nuloa/files/conda-environment.yaml conda-environment.yaml
2022-05-09 15:55:41,599 INFO    SenderThread:44911 [dir_watcher.py:finish():356] scan save: /home/luca/Projects/plant_science/cyclesgym/cyclesgym/wandb/run-20220509_151701-bp6nuloa/files/output.log output.log
2022-05-09 15:55:41,600 INFO    SenderThread:44911 [dir_watcher.py:finish():356] scan save: /home/luca/Projects/plant_science/cyclesgym/cyclesgym/wandb/run-20220509_151701-bp6nuloa/files/wandb-metadata.json wandb-metadata.json
2022-05-09 15:55:41,600 INFO    SenderThread:44911 [dir_watcher.py:finish():356] scan save: /home/luca/Projects/plant_science/cyclesgym/cyclesgym/wandb/run-20220509_151701-bp6nuloa/files/events.out.tfevents.1652102237.luca-All-Series.44901.0 events.out.tfevents.1652102237.luca-All-Series.44901.0
2022-05-09 15:55:41,600 INFO    SenderThread:44911 [dir_watcher.py:finish():356] scan save: /home/luca/Projects/plant_science/cyclesgym/cyclesgym/wandb/run-20220509_151701-bp6nuloa/files/config.yaml config.yaml
2022-05-09 15:55:41,602 INFO    SenderThread:44911 [dir_watcher.py:finish():356] scan save: /home/luca/Projects/plant_science/cyclesgym/cyclesgym/wandb/run-20220509_151701-bp6nuloa/files/requirements.txt requirements.txt
2022-05-09 15:55:41,602 INFO    SenderThread:44911 [file_pusher.py:finish():145] shutting down file pusher
2022-05-09 15:55:41,602 INFO    SenderThread:44911 [file_pusher.py:join():150] waiting for file pusher
2022-05-09 15:55:42,128 INFO    Thread-16 :44911 [upload_job.py:push():132] Uploaded file /home/luca/Projects/plant_science/cyclesgym/cyclesgym/wandb/run-20220509_151701-bp6nuloa/files/conda-environment.yaml
2022-05-09 15:55:42,140 INFO    Thread-18 :44911 [upload_job.py:push():132] Uploaded file /home/luca/Projects/plant_science/cyclesgym/cyclesgym/wandb/run-20220509_151701-bp6nuloa/files/requirements.txt
2022-05-09 15:55:42,148 INFO    Thread-15 :44911 [upload_job.py:push():132] Uploaded file /home/luca/Projects/plant_science/cyclesgym/cyclesgym/wandb/run-20220509_151701-bp6nuloa/files/wandb-summary.json
2022-05-09 15:55:43,569 INFO    Thread-17 :44911 [upload_job.py:push():132] Uploaded file /home/luca/Projects/plant_science/cyclesgym/cyclesgym/wandb/run-20220509_151701-bp6nuloa/files/config.yaml
