2022-05-09 15:17:02,418 INFO    MainThread:44941 [internal.py:wandb_internal():90] W&B internal server running at pid: 44941, started at: 2022-05-09 15:17:02.418084
2022-05-09 15:17:02,419 INFO    WriterThread:44941 [datastore.py:open_for_write():75] open: /home/luca/Projects/plant_science/cyclesgym/cyclesgym/wandb/run-20220509_151701-jghf9w2t/run-jghf9w2t.wandb
2022-05-09 15:17:02,421 DEBUG   SenderThread:44941 [sender.py:send():232] send: header
2022-05-09 15:17:02,421 DEBUG   SenderThread:44941 [sender.py:send():232] send: run
2022-05-09 15:17:03,309 DEBUG   HandlerThread:44941 [handler.py:handle_request():141] handle_request: check_version
2022-05-09 15:17:03,311 INFO    SenderThread:44941 [dir_watcher.py:__init__():197] watching files in: /home/luca/Projects/plant_science/cyclesgym/cyclesgym/wandb/run-20220509_151701-jghf9w2t/files
2022-05-09 15:17:03,311 INFO    SenderThread:44941 [sender.py:_start_run_threads():811] run started: jghf9w2t with start time 1652102221
2022-05-09 15:17:03,311 DEBUG   SenderThread:44941 [sender.py:send():232] send: summary
2022-05-09 15:17:03,311 INFO    SenderThread:44941 [sender.py:_save_file():948] saving file wandb-summary.json with policy end
2022-05-09 15:17:03,311 DEBUG   SenderThread:44941 [sender.py:send_request():246] send_request: check_version
2022-05-09 15:17:03,369 DEBUG   HandlerThread:44941 [handler.py:handle_request():141] handle_request: run_start
2022-05-09 15:17:03,371 DEBUG   HandlerThread:44941 [meta.py:__init__():35] meta init
2022-05-09 15:17:03,371 DEBUG   HandlerThread:44941 [meta.py:__init__():49] meta init done
2022-05-09 15:17:03,371 DEBUG   HandlerThread:44941 [meta.py:probe():209] probe
2022-05-09 15:17:03,378 DEBUG   HandlerThread:44941 [meta.py:_setup_git():199] setup git
2022-05-09 15:17:03,389 DEBUG   HandlerThread:44941 [meta.py:_setup_git():206] setup git done
2022-05-09 15:17:03,389 DEBUG   HandlerThread:44941 [meta.py:_save_pip():53] save pip
2022-05-09 15:17:03,389 DEBUG   HandlerThread:44941 [meta.py:_save_pip():67] save pip done
2022-05-09 15:17:03,389 DEBUG   HandlerThread:44941 [meta.py:_save_conda():74] save conda
2022-05-09 15:17:04,313 INFO    Thread-7  :44941 [dir_watcher.py:_on_file_created():244] file/dir created: /home/luca/Projects/plant_science/cyclesgym/cyclesgym/wandb/run-20220509_151701-jghf9w2t/files/wandb-summary.json
2022-05-09 15:17:04,313 INFO    Thread-7  :44941 [dir_watcher.py:_on_file_created():244] file/dir created: /home/luca/Projects/plant_science/cyclesgym/cyclesgym/wandb/run-20220509_151701-jghf9w2t/files/requirements.txt
2022-05-09 15:17:04,313 INFO    Thread-7  :44941 [dir_watcher.py:_on_file_created():244] file/dir created: /home/luca/Projects/plant_science/cyclesgym/cyclesgym/wandb/run-20220509_151701-jghf9w2t/files/conda-environment.yaml
2022-05-09 15:17:05,312 INFO    Thread-7  :44941 [dir_watcher.py:_on_file_modified():257] file/dir modified: /home/luca/Projects/plant_science/cyclesgym/cyclesgym/wandb/run-20220509_151701-jghf9w2t/files/conda-environment.yaml
2022-05-09 15:17:05,371 DEBUG   HandlerThread:44941 [meta.py:_save_conda():84] save conda done
2022-05-09 15:17:05,371 DEBUG   HandlerThread:44941 [meta.py:probe():247] probe done
2022-05-09 15:17:05,407 DEBUG   SenderThread:44941 [sender.py:send():232] send: files
2022-05-09 15:17:05,407 INFO    SenderThread:44941 [sender.py:_save_file():948] saving file wandb-metadata.json with policy now
2022-05-09 15:17:05,412 DEBUG   SenderThread:44941 [sender.py:send():232] send: config
2022-05-09 15:17:05,417 DEBUG   HandlerThread:44941 [handler.py:handle_request():141] handle_request: stop_status
2022-05-09 15:17:05,417 DEBUG   SenderThread:44941 [sender.py:send_request():246] send_request: stop_status
2022-05-09 15:17:05,584 DEBUG   SenderThread:44941 [sender.py:send():232] send: telemetry
2022-05-09 15:17:06,060 INFO    Thread-11 :44941 [upload_job.py:push():132] Uploaded file /tmp/tmpf22tu6jfwandb/1vw8yytq-wandb-metadata.json
2022-05-09 15:17:06,312 INFO    Thread-7  :44941 [dir_watcher.py:_on_file_created():244] file/dir created: /home/luca/Projects/plant_science/cyclesgym/cyclesgym/wandb/run-20220509_151701-jghf9w2t/files/wandb-metadata.json
2022-05-09 15:17:06,312 INFO    Thread-7  :44941 [dir_watcher.py:_on_file_created():244] file/dir created: /home/luca/Projects/plant_science/cyclesgym/cyclesgym/wandb/run-20220509_151701-jghf9w2t/files/output.log
2022-05-09 15:17:10,358 DEBUG   SenderThread:44941 [sender.py:send():232] send: telemetry
2022-05-09 15:17:15,050 INFO    HandlerThread:44941 [handler.py:handle_tbrecord():723] handling tbrecord: tbrecord {
  log_dir: "./runs/jghf9w2t/PPO_1"
  save: true
}

2022-05-09 15:17:15,051 DEBUG   HandlerThread:44941 [config_util.py:dict_from_config_file():100] no default config file found in config-defaults.yaml
2022-05-09 15:17:15,085 DEBUG   SenderThread:44941 [sender.py:send():232] send: tbrecord
2022-05-09 15:17:15,085 DEBUG   SenderThread:44941 [sender.py:send():232] send: config
2022-05-09 15:17:15,091 DEBUG   SenderThread:44941 [sender.py:send():232] send: files
2022-05-09 15:17:15,091 INFO    SenderThread:44941 [sender.py:_save_file():948] saving file events.out.tfevents.1652102235.luca-All-Series.44899.0 with policy live
2022-05-09 15:17:15,317 INFO    Thread-7  :44941 [dir_watcher.py:_on_file_created():244] file/dir created: /home/luca/Projects/plant_science/cyclesgym/cyclesgym/wandb/run-20220509_151701-jghf9w2t/files/events.out.tfevents.1652102235.luca-All-Series.44899.0
2022-05-09 15:17:15,644 INFO    Thread-14 :44941 [upload_job.py:push():132] Uploaded file /tmp/tmpf22tu6jfwandb/1u5hmftm-events.out.tfevents.1652102235.luca-All-Series.44899.0
2022-05-09 15:17:20,585 DEBUG   HandlerThread:44941 [handler.py:handle_request():141] handle_request: stop_status
2022-05-09 15:17:20,585 DEBUG   SenderThread:44941 [sender.py:send_request():246] send_request: stop_status
2022-05-09 15:17:31,474 DEBUG   SenderThread:44941 [sender.py:send():232] send: stats
2022-05-09 15:17:33,324 INFO    Thread-7  :44941 [dir_watcher.py:_on_file_modified():257] file/dir modified: /home/luca/Projects/plant_science/cyclesgym/cyclesgym/wandb/run-20220509_151701-jghf9w2t/files/config.yaml
2022-05-09 15:17:35,737 DEBUG   HandlerThread:44941 [handler.py:handle_request():141] handle_request: stop_status
2022-05-09 15:17:35,737 DEBUG   SenderThread:44941 [sender.py:send_request():246] send_request: stop_status
2022-05-09 15:17:50,884 DEBUG   HandlerThread:44941 [handler.py:handle_request():141] handle_request: stop_status
2022-05-09 15:17:50,884 DEBUG   SenderThread:44941 [sender.py:send_request():246] send_request: stop_status
2022-05-09 15:18:01,886 DEBUG   SenderThread:44941 [sender.py:send():232] send: stats
2022-05-09 15:18:06,054 DEBUG   HandlerThread:44941 [handler.py:handle_request():141] handle_request: stop_status
2022-05-09 15:18:06,054 DEBUG   SenderThread:44941 [sender.py:send_request():246] send_request: stop_status
2022-05-09 15:18:21,221 DEBUG   HandlerThread:44941 [handler.py:handle_request():141] handle_request: stop_status
2022-05-09 15:18:21,221 DEBUG   SenderThread:44941 [sender.py:send_request():246] send_request: stop_status
2022-05-09 15:18:32,343 DEBUG   SenderThread:44941 [sender.py:send():232] send: stats
2022-05-09 15:18:36,374 DEBUG   HandlerThread:44941 [handler.py:handle_request():141] handle_request: stop_status
2022-05-09 15:18:36,374 DEBUG   SenderThread:44941 [sender.py:send_request():246] send_request: stop_status
2022-05-09 15:18:51,579 DEBUG   HandlerThread:44941 [handler.py:handle_request():141] handle_request: stop_status
2022-05-09 15:18:51,579 DEBUG   SenderThread:44941 [sender.py:send_request():246] send_request: stop_status
2022-05-09 15:19:02,706 DEBUG   SenderThread:44941 [sender.py:send():232] send: stats
2022-05-09 15:19:06,777 DEBUG   HandlerThread:44941 [handler.py:handle_request():141] handle_request: stop_status
2022-05-09 15:19:06,777 DEBUG   SenderThread:44941 [sender.py:send_request():246] send_request: stop_status
2022-05-09 15:19:22,110 DEBUG   HandlerThread:44941 [handler.py:handle_request():141] handle_request: stop_status
2022-05-09 15:19:22,110 DEBUG   SenderThread:44941 [sender.py:send_request():246] send_request: stop_status
2022-05-09 15:19:33,050 DEBUG   SenderThread:44941 [sender.py:send():232] send: stats
2022-05-09 15:19:37,261 DEBUG   HandlerThread:44941 [handler.py:handle_request():141] handle_request: stop_status
2022-05-09 15:19:37,261 DEBUG   SenderThread:44941 [sender.py:send_request():246] send_request: stop_status
2022-05-09 15:19:52,434 DEBUG   HandlerThread:44941 [handler.py:handle_request():141] handle_request: stop_status
2022-05-09 15:19:52,434 DEBUG   SenderThread:44941 [sender.py:send_request():246] send_request: stop_status
2022-05-09 15:20:03,294 DEBUG   SenderThread:44941 [sender.py:send():232] send: stats
2022-05-09 15:20:07,582 DEBUG   HandlerThread:44941 [handler.py:handle_request():141] handle_request: stop_status
2022-05-09 15:20:07,582 DEBUG   SenderThread:44941 [sender.py:send_request():246] send_request: stop_status
2022-05-09 15:20:22,775 DEBUG   HandlerThread:44941 [handler.py:handle_request():141] handle_request: stop_status
2022-05-09 15:20:22,775 DEBUG   SenderThread:44941 [sender.py:send_request():246] send_request: stop_status
2022-05-09 15:20:33,542 DEBUG   SenderThread:44941 [sender.py:send():232] send: stats
2022-05-09 15:20:37,922 DEBUG   HandlerThread:44941 [handler.py:handle_request():141] handle_request: stop_status
2022-05-09 15:20:37,922 DEBUG   SenderThread:44941 [sender.py:send_request():246] send_request: stop_status
2022-05-09 15:20:53,079 DEBUG   HandlerThread:44941 [handler.py:handle_request():141] handle_request: stop_status
2022-05-09 15:20:53,079 DEBUG   SenderThread:44941 [sender.py:send_request():246] send_request: stop_status
2022-05-09 15:21:03,736 DEBUG   SenderThread:44941 [sender.py:send():232] send: stats
2022-05-09 15:21:08,234 DEBUG   HandlerThread:44941 [handler.py:handle_request():141] handle_request: stop_status
2022-05-09 15:21:08,234 DEBUG   SenderThread:44941 [sender.py:send_request():246] send_request: stop_status
2022-05-09 15:21:23,386 DEBUG   HandlerThread:44941 [handler.py:handle_request():141] handle_request: stop_status
2022-05-09 15:21:23,386 DEBUG   SenderThread:44941 [sender.py:send_request():246] send_request: stop_status
2022-05-09 15:21:33,933 DEBUG   SenderThread:44941 [sender.py:send():232] send: stats
2022-05-09 15:21:38,571 DEBUG   HandlerThread:44941 [handler.py:handle_request():141] handle_request: stop_status
2022-05-09 15:21:38,571 DEBUG   SenderThread:44941 [sender.py:send_request():246] send_request: stop_status
2022-05-09 15:21:53,712 DEBUG   HandlerThread:44941 [handler.py:handle_request():141] handle_request: stop_status
2022-05-09 15:21:53,712 DEBUG   SenderThread:44941 [sender.py:send_request():246] send_request: stop_status
2022-05-09 15:22:04,056 DEBUG   SenderThread:44941 [sender.py:send():232] send: stats
2022-05-09 15:22:08,854 DEBUG   HandlerThread:44941 [handler.py:handle_request():141] handle_request: stop_status
2022-05-09 15:22:08,854 DEBUG   SenderThread:44941 [sender.py:send_request():246] send_request: stop_status
2022-05-09 15:22:24,009 DEBUG   HandlerThread:44941 [handler.py:handle_request():141] handle_request: stop_status
2022-05-09 15:22:24,010 DEBUG   SenderThread:44941 [sender.py:send_request():246] send_request: stop_status
2022-05-09 15:22:34,204 DEBUG   SenderThread:44941 [sender.py:send():232] send: stats
2022-05-09 15:22:39,166 DEBUG   HandlerThread:44941 [handler.py:handle_request():141] handle_request: stop_status
2022-05-09 15:22:39,166 DEBUG   SenderThread:44941 [sender.py:send_request():246] send_request: stop_status
2022-05-09 15:22:54,342 DEBUG   HandlerThread:44941 [handler.py:handle_request():141] handle_request: stop_status
2022-05-09 15:22:54,342 DEBUG   SenderThread:44941 [sender.py:send_request():246] send_request: stop_status
2022-05-09 15:23:04,464 DEBUG   SenderThread:44941 [sender.py:send():232] send: stats
2022-05-09 15:23:09,497 DEBUG   HandlerThread:44941 [handler.py:handle_request():141] handle_request: stop_status
2022-05-09 15:23:09,498 DEBUG   SenderThread:44941 [sender.py:send_request():246] send_request: stop_status
2022-05-09 15:23:24,643 DEBUG   HandlerThread:44941 [handler.py:handle_request():141] handle_request: stop_status
2022-05-09 15:23:24,643 DEBUG   SenderThread:44941 [sender.py:send_request():246] send_request: stop_status
2022-05-09 15:23:34,816 DEBUG   SenderThread:44941 [sender.py:send():232] send: stats
2022-05-09 15:23:39,794 DEBUG   HandlerThread:44941 [handler.py:handle_request():141] handle_request: stop_status
2022-05-09 15:23:39,794 DEBUG   SenderThread:44941 [sender.py:send_request():246] send_request: stop_status
2022-05-09 15:23:54,948 DEBUG   HandlerThread:44941 [handler.py:handle_request():141] handle_request: stop_status
2022-05-09 15:23:54,948 DEBUG   SenderThread:44941 [sender.py:send_request():246] send_request: stop_status
2022-05-09 15:24:05,019 DEBUG   SenderThread:44941 [sender.py:send():232] send: stats
2022-05-09 15:24:10,215 DEBUG   HandlerThread:44941 [handler.py:handle_request():141] handle_request: stop_status
2022-05-09 15:24:10,216 DEBUG   SenderThread:44941 [sender.py:send_request():246] send_request: stop_status
2022-05-09 15:24:25,375 DEBUG   HandlerThread:44941 [handler.py:handle_request():141] handle_request: stop_status
2022-05-09 15:24:25,375 DEBUG   SenderThread:44941 [sender.py:send_request():246] send_request: stop_status
2022-05-09 15:24:35,160 DEBUG   SenderThread:44941 [sender.py:send():232] send: stats
2022-05-09 15:24:40,585 DEBUG   HandlerThread:44941 [handler.py:handle_request():141] handle_request: stop_status
2022-05-09 15:24:40,586 DEBUG   SenderThread:44941 [sender.py:send_request():246] send_request: stop_status
2022-05-09 15:24:55,732 DEBUG   HandlerThread:44941 [handler.py:handle_request():141] handle_request: stop_status
2022-05-09 15:24:55,733 DEBUG   SenderThread:44941 [sender.py:send_request():246] send_request: stop_status
2022-05-09 15:25:05,454 DEBUG   SenderThread:44941 [sender.py:send():232] send: stats
2022-05-09 15:25:11,057 DEBUG   HandlerThread:44941 [handler.py:handle_request():141] handle_request: stop_status
2022-05-09 15:25:11,057 DEBUG   SenderThread:44941 [sender.py:send_request():246] send_request: stop_status
2022-05-09 15:25:26,202 DEBUG   HandlerThread:44941 [handler.py:handle_request():141] handle_request: stop_status
2022-05-09 15:25:26,202 DEBUG   SenderThread:44941 [sender.py:send_request():246] send_request: stop_status
2022-05-09 15:25:35,940 DEBUG   SenderThread:44941 [sender.py:send():232] send: stats
2022-05-09 15:25:41,376 DEBUG   HandlerThread:44941 [handler.py:handle_request():141] handle_request: stop_status
2022-05-09 15:25:41,376 DEBUG   SenderThread:44941 [sender.py:send_request():246] send_request: stop_status
2022-05-09 15:25:56,526 DEBUG   HandlerThread:44941 [handler.py:handle_request():141] handle_request: stop_status
2022-05-09 15:25:56,526 DEBUG   SenderThread:44941 [sender.py:send_request():246] send_request: stop_status
2022-05-09 15:26:06,393 DEBUG   SenderThread:44941 [sender.py:send():232] send: stats
2022-05-09 15:26:11,974 DEBUG   HandlerThread:44941 [handler.py:handle_request():141] handle_request: stop_status
2022-05-09 15:26:11,974 DEBUG   SenderThread:44941 [sender.py:send_request():246] send_request: stop_status
2022-05-09 15:26:27,126 DEBUG   HandlerThread:44941 [handler.py:handle_request():141] handle_request: stop_status
2022-05-09 15:26:27,126 DEBUG   SenderThread:44941 [sender.py:send_request():246] send_request: stop_status
2022-05-09 15:26:36,738 DEBUG   SenderThread:44941 [sender.py:send():232] send: stats
2022-05-09 15:26:42,309 DEBUG   HandlerThread:44941 [handler.py:handle_request():141] handle_request: stop_status
2022-05-09 15:26:42,309 DEBUG   SenderThread:44941 [sender.py:send_request():246] send_request: stop_status
2022-05-09 15:26:57,466 DEBUG   HandlerThread:44941 [handler.py:handle_request():141] handle_request: stop_status
2022-05-09 15:26:57,466 DEBUG   SenderThread:44941 [sender.py:send_request():246] send_request: stop_status
2022-05-09 15:27:07,038 DEBUG   SenderThread:44941 [sender.py:send():232] send: stats
2022-05-09 15:27:12,623 DEBUG   HandlerThread:44941 [handler.py:handle_request():141] handle_request: stop_status
2022-05-09 15:27:12,623 DEBUG   SenderThread:44941 [sender.py:send_request():246] send_request: stop_status
2022-05-09 15:27:27,834 DEBUG   HandlerThread:44941 [handler.py:handle_request():141] handle_request: stop_status
2022-05-09 15:27:27,834 DEBUG   SenderThread:44941 [sender.py:send_request():246] send_request: stop_status
2022-05-09 15:27:37,390 DEBUG   SenderThread:44941 [sender.py:send():232] send: stats
2022-05-09 15:27:42,975 DEBUG   HandlerThread:44941 [handler.py:handle_request():141] handle_request: stop_status
2022-05-09 15:27:42,975 DEBUG   SenderThread:44941 [sender.py:send_request():246] send_request: stop_status
2022-05-09 15:27:58,138 DEBUG   HandlerThread:44941 [handler.py:handle_request():141] handle_request: stop_status
2022-05-09 15:27:58,138 DEBUG   SenderThread:44941 [sender.py:send_request():246] send_request: stop_status
2022-05-09 15:28:07,578 DEBUG   SenderThread:44941 [sender.py:send():232] send: stats
2022-05-09 15:28:13,320 DEBUG   HandlerThread:44941 [handler.py:handle_request():141] handle_request: stop_status
2022-05-09 15:28:13,320 DEBUG   SenderThread:44941 [sender.py:send_request():246] send_request: stop_status
2022-05-09 15:28:28,498 DEBUG   HandlerThread:44941 [handler.py:handle_request():141] handle_request: stop_status
2022-05-09 15:28:28,498 DEBUG   SenderThread:44941 [sender.py:send_request():246] send_request: stop_status
2022-05-09 15:28:37,779 DEBUG   SenderThread:44941 [sender.py:send():232] send: stats
2022-05-09 15:28:43,678 DEBUG   HandlerThread:44941 [handler.py:handle_request():141] handle_request: stop_status
2022-05-09 15:28:43,678 DEBUG   SenderThread:44941 [sender.py:send_request():246] send_request: stop_status
2022-05-09 15:28:58,825 DEBUG   HandlerThread:44941 [handler.py:handle_request():141] handle_request: stop_status
2022-05-09 15:28:58,825 DEBUG   SenderThread:44941 [sender.py:send_request():246] send_request: stop_status
2022-05-09 15:29:08,029 DEBUG   SenderThread:44941 [sender.py:send():232] send: stats
2022-05-09 15:29:13,980 DEBUG   HandlerThread:44941 [handler.py:handle_request():141] handle_request: stop_status
2022-05-09 15:29:13,980 DEBUG   SenderThread:44941 [sender.py:send_request():246] send_request: stop_status
2022-05-09 15:29:29,143 DEBUG   HandlerThread:44941 [handler.py:handle_request():141] handle_request: stop_status
2022-05-09 15:29:29,144 DEBUG   SenderThread:44941 [sender.py:send_request():246] send_request: stop_status
2022-05-09 15:29:38,235 DEBUG   SenderThread:44941 [sender.py:send():232] send: stats
2022-05-09 15:29:44,291 DEBUG   HandlerThread:44941 [handler.py:handle_request():141] handle_request: stop_status
2022-05-09 15:29:44,291 DEBUG   SenderThread:44941 [sender.py:send_request():246] send_request: stop_status
2022-05-09 15:29:59,450 DEBUG   HandlerThread:44941 [handler.py:handle_request():141] handle_request: stop_status
2022-05-09 15:29:59,451 DEBUG   SenderThread:44941 [sender.py:send_request():246] send_request: stop_status
2022-05-09 15:30:08,453 DEBUG   SenderThread:44941 [sender.py:send():232] send: stats
2022-05-09 15:30:14,621 DEBUG   HandlerThread:44941 [handler.py:handle_request():141] handle_request: stop_status
2022-05-09 15:30:14,621 DEBUG   SenderThread:44941 [sender.py:send_request():246] send_request: stop_status
2022-05-09 15:30:29,800 DEBUG   HandlerThread:44941 [handler.py:handle_request():141] handle_request: stop_status
2022-05-09 15:30:29,801 DEBUG   SenderThread:44941 [sender.py:send_request():246] send_request: stop_status
2022-05-09 15:30:38,857 DEBUG   SenderThread:44941 [sender.py:send():232] send: stats
2022-05-09 15:30:44,958 DEBUG   HandlerThread:44941 [handler.py:handle_request():141] handle_request: stop_status
2022-05-09 15:30:44,958 DEBUG   SenderThread:44941 [sender.py:send_request():246] send_request: stop_status
2022-05-09 15:31:00,129 DEBUG   HandlerThread:44941 [handler.py:handle_request():141] handle_request: stop_status
2022-05-09 15:31:00,129 DEBUG   SenderThread:44941 [sender.py:send_request():246] send_request: stop_status
2022-05-09 15:31:09,071 DEBUG   SenderThread:44941 [sender.py:send():232] send: stats
2022-05-09 15:31:15,584 DEBUG   HandlerThread:44941 [handler.py:handle_request():141] handle_request: stop_status
2022-05-09 15:31:15,584 DEBUG   SenderThread:44941 [sender.py:send_request():246] send_request: stop_status
2022-05-09 15:31:30,727 DEBUG   HandlerThread:44941 [handler.py:handle_request():141] handle_request: stop_status
2022-05-09 15:31:30,727 DEBUG   SenderThread:44941 [sender.py:send_request():246] send_request: stop_status
2022-05-09 15:31:39,320 DEBUG   SenderThread:44941 [sender.py:send():232] send: stats
2022-05-09 15:31:45,871 DEBUG   HandlerThread:44941 [handler.py:handle_request():141] handle_request: stop_status
2022-05-09 15:31:45,871 DEBUG   SenderThread:44941 [sender.py:send_request():246] send_request: stop_status
2022-05-09 15:32:01,019 DEBUG   HandlerThread:44941 [handler.py:handle_request():141] handle_request: stop_status
2022-05-09 15:32:01,020 DEBUG   SenderThread:44941 [sender.py:send_request():246] send_request: stop_status
2022-05-09 15:32:09,482 DEBUG   SenderThread:44941 [sender.py:send():232] send: stats
2022-05-09 15:32:17,103 DEBUG   HandlerThread:44941 [handler.py:handle_request():141] handle_request: stop_status
2022-05-09 15:32:17,104 DEBUG   SenderThread:44941 [sender.py:send_request():246] send_request: stop_status
2022-05-09 15:32:32,254 DEBUG   HandlerThread:44941 [handler.py:handle_request():141] handle_request: stop_status
2022-05-09 15:32:32,254 DEBUG   SenderThread:44941 [sender.py:send_request():246] send_request: stop_status
2022-05-09 15:32:39,686 DEBUG   SenderThread:44941 [sender.py:send():232] send: stats
2022-05-09 15:32:47,728 DEBUG   HandlerThread:44941 [handler.py:handle_request():141] handle_request: stop_status
2022-05-09 15:32:47,728 DEBUG   SenderThread:44941 [sender.py:send_request():246] send_request: stop_status
2022-05-09 15:33:02,881 DEBUG   HandlerThread:44941 [handler.py:handle_request():141] handle_request: stop_status
2022-05-09 15:33:02,881 DEBUG   SenderThread:44941 [sender.py:send_request():246] send_request: stop_status
2022-05-09 15:33:09,908 DEBUG   SenderThread:44941 [sender.py:send():232] send: stats
2022-05-09 15:33:18,048 DEBUG   HandlerThread:44941 [handler.py:handle_request():141] handle_request: stop_status
2022-05-09 15:33:18,049 DEBUG   SenderThread:44941 [sender.py:send_request():246] send_request: stop_status
2022-05-09 15:33:33,227 DEBUG   HandlerThread:44941 [handler.py:handle_request():141] handle_request: stop_status
2022-05-09 15:33:33,227 DEBUG   SenderThread:44941 [sender.py:send_request():246] send_request: stop_status
2022-05-09 15:33:40,106 DEBUG   SenderThread:44941 [sender.py:send():232] send: stats
2022-05-09 15:33:48,396 DEBUG   HandlerThread:44941 [handler.py:handle_request():141] handle_request: stop_status
2022-05-09 15:33:48,396 DEBUG   SenderThread:44941 [sender.py:send_request():246] send_request: stop_status
2022-05-09 15:34:03,549 DEBUG   HandlerThread:44941 [handler.py:handle_request():141] handle_request: stop_status
2022-05-09 15:34:03,549 DEBUG   SenderThread:44941 [sender.py:send_request():246] send_request: stop_status
2022-05-09 15:34:10,332 DEBUG   SenderThread:44941 [sender.py:send():232] send: stats
2022-05-09 15:34:18,722 DEBUG   HandlerThread:44941 [handler.py:handle_request():141] handle_request: stop_status
2022-05-09 15:34:18,722 DEBUG   SenderThread:44941 [sender.py:send_request():246] send_request: stop_status
2022-05-09 15:34:34,103 DEBUG   HandlerThread:44941 [handler.py:handle_request():141] handle_request: stop_status
2022-05-09 15:34:34,103 DEBUG   SenderThread:44941 [sender.py:send_request():246] send_request: stop_status
2022-05-09 15:34:40,533 DEBUG   SenderThread:44941 [sender.py:send():232] send: stats
2022-05-09 15:34:49,286 DEBUG   HandlerThread:44941 [handler.py:handle_request():141] handle_request: stop_status
2022-05-09 15:34:49,286 DEBUG   SenderThread:44941 [sender.py:send_request():246] send_request: stop_status
2022-05-09 15:35:04,449 DEBUG   HandlerThread:44941 [handler.py:handle_request():141] handle_request: stop_status
2022-05-09 15:35:04,449 DEBUG   SenderThread:44941 [sender.py:send_request():246] send_request: stop_status
2022-05-09 15:35:10,639 DEBUG   SenderThread:44941 [sender.py:send():232] send: stats
2022-05-09 15:35:19,935 DEBUG   HandlerThread:44941 [handler.py:handle_request():141] handle_request: stop_status
2022-05-09 15:35:19,935 DEBUG   SenderThread:44941 [sender.py:send_request():246] send_request: stop_status
2022-05-09 15:35:35,131 DEBUG   HandlerThread:44941 [handler.py:handle_request():141] handle_request: stop_status
2022-05-09 15:35:35,131 DEBUG   SenderThread:44941 [sender.py:send_request():246] send_request: stop_status
2022-05-09 15:35:40,834 DEBUG   SenderThread:44941 [sender.py:send():232] send: stats
2022-05-09 15:35:50,281 DEBUG   HandlerThread:44941 [handler.py:handle_request():141] handle_request: stop_status
2022-05-09 15:35:50,281 DEBUG   SenderThread:44941 [sender.py:send_request():246] send_request: stop_status
2022-05-09 15:36:05,449 DEBUG   HandlerThread:44941 [handler.py:handle_request():141] handle_request: stop_status
2022-05-09 15:36:05,449 DEBUG   SenderThread:44941 [sender.py:send_request():246] send_request: stop_status
2022-05-09 15:36:10,987 DEBUG   SenderThread:44941 [sender.py:send():232] send: stats
2022-05-09 15:36:20,604 DEBUG   HandlerThread:44941 [handler.py:handle_request():141] handle_request: stop_status
2022-05-09 15:36:20,604 DEBUG   SenderThread:44941 [sender.py:send_request():246] send_request: stop_status
2022-05-09 15:36:35,812 DEBUG   HandlerThread:44941 [handler.py:handle_request():141] handle_request: stop_status
2022-05-09 15:36:35,812 DEBUG   SenderThread:44941 [sender.py:send_request():246] send_request: stop_status
2022-05-09 15:36:41,204 DEBUG   SenderThread:44941 [sender.py:send():232] send: stats
2022-05-09 15:36:50,994 DEBUG   HandlerThread:44941 [handler.py:handle_request():141] handle_request: stop_status
2022-05-09 15:36:50,994 DEBUG   SenderThread:44941 [sender.py:send_request():246] send_request: stop_status
2022-05-09 15:37:06,195 DEBUG   HandlerThread:44941 [handler.py:handle_request():141] handle_request: stop_status
2022-05-09 15:37:06,195 DEBUG   SenderThread:44941 [sender.py:send_request():246] send_request: stop_status
2022-05-09 15:37:11,483 DEBUG   SenderThread:44941 [sender.py:send():232] send: stats
2022-05-09 15:37:21,557 DEBUG   HandlerThread:44941 [handler.py:handle_request():141] handle_request: stop_status
2022-05-09 15:37:21,557 DEBUG   SenderThread:44941 [sender.py:send_request():246] send_request: stop_status
2022-05-09 15:37:36,721 DEBUG   HandlerThread:44941 [handler.py:handle_request():141] handle_request: stop_status
2022-05-09 15:37:36,721 DEBUG   SenderThread:44941 [sender.py:send_request():246] send_request: stop_status
2022-05-09 15:37:41,724 DEBUG   SenderThread:44941 [sender.py:send():232] send: stats
2022-05-09 15:37:52,086 DEBUG   HandlerThread:44941 [handler.py:handle_request():141] handle_request: stop_status
2022-05-09 15:37:52,086 DEBUG   SenderThread:44941 [sender.py:send_request():246] send_request: stop_status
2022-05-09 15:38:07,233 DEBUG   HandlerThread:44941 [handler.py:handle_request():141] handle_request: stop_status
2022-05-09 15:38:07,233 DEBUG   SenderThread:44941 [sender.py:send_request():246] send_request: stop_status
2022-05-09 15:38:11,934 DEBUG   SenderThread:44941 [sender.py:send():232] send: stats
2022-05-09 15:38:22,487 DEBUG   HandlerThread:44941 [handler.py:handle_request():141] handle_request: stop_status
2022-05-09 15:38:22,488 DEBUG   SenderThread:44941 [sender.py:send_request():246] send_request: stop_status
2022-05-09 15:38:37,717 DEBUG   HandlerThread:44941 [handler.py:handle_request():141] handle_request: stop_status
2022-05-09 15:38:37,717 DEBUG   SenderThread:44941 [sender.py:send_request():246] send_request: stop_status
2022-05-09 15:38:42,094 DEBUG   SenderThread:44941 [sender.py:send():232] send: stats
2022-05-09 15:38:52,866 DEBUG   HandlerThread:44941 [handler.py:handle_request():141] handle_request: stop_status
2022-05-09 15:38:52,866 DEBUG   SenderThread:44941 [sender.py:send_request():246] send_request: stop_status
2022-05-09 15:39:08,015 DEBUG   HandlerThread:44941 [handler.py:handle_request():141] handle_request: stop_status
2022-05-09 15:39:08,016 DEBUG   SenderThread:44941 [sender.py:send_request():246] send_request: stop_status
2022-05-09 15:39:12,290 DEBUG   SenderThread:44941 [sender.py:send():232] send: stats
2022-05-09 15:39:23,168 DEBUG   HandlerThread:44941 [handler.py:handle_request():141] handle_request: stop_status
2022-05-09 15:39:23,169 DEBUG   SenderThread:44941 [sender.py:send_request():246] send_request: stop_status
2022-05-09 15:39:38,319 DEBUG   HandlerThread:44941 [handler.py:handle_request():141] handle_request: stop_status
2022-05-09 15:39:38,319 DEBUG   SenderThread:44941 [sender.py:send_request():246] send_request: stop_status
2022-05-09 15:39:42,385 DEBUG   SenderThread:44941 [sender.py:send():232] send: stats
2022-05-09 15:39:53,505 DEBUG   HandlerThread:44941 [handler.py:handle_request():141] handle_request: stop_status
2022-05-09 15:39:53,506 DEBUG   SenderThread:44941 [sender.py:send_request():246] send_request: stop_status
2022-05-09 15:40:08,695 DEBUG   HandlerThread:44941 [handler.py:handle_request():141] handle_request: stop_status
2022-05-09 15:40:08,695 DEBUG   SenderThread:44941 [sender.py:send_request():246] send_request: stop_status
2022-05-09 15:40:12,582 DEBUG   SenderThread:44941 [sender.py:send():232] send: stats
2022-05-09 15:40:23,852 DEBUG   HandlerThread:44941 [handler.py:handle_request():141] handle_request: stop_status
2022-05-09 15:40:23,852 DEBUG   SenderThread:44941 [sender.py:send_request():246] send_request: stop_status
2022-05-09 15:40:39,010 DEBUG   HandlerThread:44941 [handler.py:handle_request():141] handle_request: stop_status
2022-05-09 15:40:39,010 DEBUG   SenderThread:44941 [sender.py:send_request():246] send_request: stop_status
2022-05-09 15:40:42,782 DEBUG   SenderThread:44941 [sender.py:send():232] send: stats
2022-05-09 15:40:54,191 DEBUG   HandlerThread:44941 [handler.py:handle_request():141] handle_request: stop_status
2022-05-09 15:40:54,191 DEBUG   SenderThread:44941 [sender.py:send_request():246] send_request: stop_status
2022-05-09 15:41:09,358 DEBUG   HandlerThread:44941 [handler.py:handle_request():141] handle_request: stop_status
2022-05-09 15:41:09,358 DEBUG   SenderThread:44941 [sender.py:send_request():246] send_request: stop_status
2022-05-09 15:41:12,892 DEBUG   SenderThread:44941 [sender.py:send():232] send: stats
2022-05-09 15:41:24,507 DEBUG   HandlerThread:44941 [handler.py:handle_request():141] handle_request: stop_status
2022-05-09 15:41:24,508 DEBUG   SenderThread:44941 [sender.py:send_request():246] send_request: stop_status
2022-05-09 15:41:39,656 DEBUG   HandlerThread:44941 [handler.py:handle_request():141] handle_request: stop_status
2022-05-09 15:41:39,657 DEBUG   SenderThread:44941 [sender.py:send_request():246] send_request: stop_status
2022-05-09 15:41:42,991 DEBUG   SenderThread:44941 [sender.py:send():232] send: stats
2022-05-09 15:41:54,800 DEBUG   HandlerThread:44941 [handler.py:handle_request():141] handle_request: stop_status
2022-05-09 15:41:54,800 DEBUG   SenderThread:44941 [sender.py:send_request():246] send_request: stop_status
2022-05-09 15:42:09,957 DEBUG   HandlerThread:44941 [handler.py:handle_request():141] handle_request: stop_status
2022-05-09 15:42:09,957 DEBUG   SenderThread:44941 [sender.py:send_request():246] send_request: stop_status
2022-05-09 15:42:13,346 DEBUG   SenderThread:44941 [sender.py:send():232] send: stats
2022-05-09 15:42:25,211 DEBUG   HandlerThread:44941 [handler.py:handle_request():141] handle_request: stop_status
2022-05-09 15:42:25,211 DEBUG   SenderThread:44941 [sender.py:send_request():246] send_request: stop_status
2022-05-09 15:42:41,082 DEBUG   HandlerThread:44941 [handler.py:handle_request():141] handle_request: stop_status
2022-05-09 15:42:41,082 DEBUG   SenderThread:44941 [sender.py:send_request():246] send_request: stop_status
2022-05-09 15:42:43,543 DEBUG   SenderThread:44941 [sender.py:send():232] send: stats
2022-05-09 15:42:56,251 DEBUG   HandlerThread:44941 [handler.py:handle_request():141] handle_request: stop_status
2022-05-09 15:42:56,251 DEBUG   SenderThread:44941 [sender.py:send_request():246] send_request: stop_status
2022-05-09 15:43:11,592 DEBUG   HandlerThread:44941 [handler.py:handle_request():141] handle_request: stop_status
2022-05-09 15:43:11,592 DEBUG   SenderThread:44941 [sender.py:send_request():246] send_request: stop_status
2022-05-09 15:43:13,657 DEBUG   SenderThread:44941 [sender.py:send():232] send: stats
2022-05-09 15:43:26,740 DEBUG   HandlerThread:44941 [handler.py:handle_request():141] handle_request: stop_status
2022-05-09 15:43:26,741 DEBUG   SenderThread:44941 [sender.py:send_request():246] send_request: stop_status
2022-05-09 15:43:41,998 DEBUG   HandlerThread:44941 [handler.py:handle_request():141] handle_request: stop_status
2022-05-09 15:43:41,998 DEBUG   SenderThread:44941 [sender.py:send_request():246] send_request: stop_status
2022-05-09 15:43:43,741 DEBUG   SenderThread:44941 [sender.py:send():232] send: stats
2022-05-09 15:43:57,152 DEBUG   HandlerThread:44941 [handler.py:handle_request():141] handle_request: stop_status
2022-05-09 15:43:57,152 DEBUG   SenderThread:44941 [sender.py:send_request():246] send_request: stop_status
2022-05-09 15:44:12,309 DEBUG   HandlerThread:44941 [handler.py:handle_request():141] handle_request: stop_status
2022-05-09 15:44:12,310 DEBUG   SenderThread:44941 [sender.py:send_request():246] send_request: stop_status
2022-05-09 15:44:13,988 DEBUG   SenderThread:44941 [sender.py:send():232] send: stats
2022-05-09 15:44:27,463 DEBUG   HandlerThread:44941 [handler.py:handle_request():141] handle_request: stop_status
2022-05-09 15:44:27,463 DEBUG   SenderThread:44941 [sender.py:send_request():246] send_request: stop_status
2022-05-09 15:44:42,650 DEBUG   HandlerThread:44941 [handler.py:handle_request():141] handle_request: stop_status
2022-05-09 15:44:42,650 DEBUG   SenderThread:44941 [sender.py:send_request():246] send_request: stop_status
2022-05-09 15:44:44,196 DEBUG   SenderThread:44941 [sender.py:send():232] send: stats
2022-05-09 15:44:58,751 DEBUG   HandlerThread:44941 [handler.py:handle_request():141] handle_request: stop_status
2022-05-09 15:44:58,751 DEBUG   SenderThread:44941 [sender.py:send_request():246] send_request: stop_status
2022-05-09 15:45:14,305 DEBUG   HandlerThread:44941 [handler.py:handle_request():141] handle_request: stop_status
2022-05-09 15:45:14,306 DEBUG   SenderThread:44941 [sender.py:send_request():246] send_request: stop_status
2022-05-09 15:45:15,594 DEBUG   SenderThread:44941 [sender.py:send():232] send: stats
2022-05-09 15:45:30,595 DEBUG   HandlerThread:44941 [handler.py:handle_request():141] handle_request: stop_status
2022-05-09 15:45:30,595 DEBUG   SenderThread:44941 [sender.py:send_request():246] send_request: stop_status
2022-05-09 15:45:44,441 DEBUG   SenderThread:44941 [sender.py:send():232] send: stats
2022-05-09 15:45:45,741 DEBUG   HandlerThread:44941 [handler.py:handle_request():141] handle_request: stop_status
2022-05-09 15:45:45,741 DEBUG   SenderThread:44941 [sender.py:send_request():246] send_request: stop_status
2022-05-09 15:46:00,901 DEBUG   HandlerThread:44941 [handler.py:handle_request():141] handle_request: stop_status
2022-05-09 15:46:00,901 DEBUG   SenderThread:44941 [sender.py:send_request():246] send_request: stop_status
2022-05-09 15:46:14,596 DEBUG   SenderThread:44941 [sender.py:send():232] send: stats
2022-05-09 15:46:16,390 DEBUG   HandlerThread:44941 [handler.py:handle_request():141] handle_request: stop_status
2022-05-09 15:46:16,390 DEBUG   SenderThread:44941 [sender.py:send_request():246] send_request: stop_status
2022-05-09 15:46:31,538 DEBUG   HandlerThread:44941 [handler.py:handle_request():141] handle_request: stop_status
2022-05-09 15:46:31,538 DEBUG   SenderThread:44941 [sender.py:send_request():246] send_request: stop_status
2022-05-09 15:46:44,689 DEBUG   SenderThread:44941 [sender.py:send():232] send: stats
2022-05-09 15:46:46,677 DEBUG   HandlerThread:44941 [handler.py:handle_request():141] handle_request: stop_status
2022-05-09 15:46:46,677 DEBUG   SenderThread:44941 [sender.py:send_request():246] send_request: stop_status
2022-05-09 15:47:01,842 DEBUG   HandlerThread:44941 [handler.py:handle_request():141] handle_request: stop_status
2022-05-09 15:47:01,843 DEBUG   SenderThread:44941 [sender.py:send_request():246] send_request: stop_status
2022-05-09 15:47:14,762 DEBUG   SenderThread:44941 [sender.py:send():232] send: stats
2022-05-09 15:47:17,046 DEBUG   HandlerThread:44941 [handler.py:handle_request():141] handle_request: stop_status
2022-05-09 15:47:17,046 DEBUG   SenderThread:44941 [sender.py:send_request():246] send_request: stop_status
2022-05-09 15:47:32,192 DEBUG   HandlerThread:44941 [handler.py:handle_request():141] handle_request: stop_status
2022-05-09 15:47:32,192 DEBUG   SenderThread:44941 [sender.py:send_request():246] send_request: stop_status
2022-05-09 15:47:44,863 DEBUG   SenderThread:44941 [sender.py:send():232] send: stats
2022-05-09 15:47:47,342 DEBUG   HandlerThread:44941 [handler.py:handle_request():141] handle_request: stop_status
2022-05-09 15:47:47,343 DEBUG   SenderThread:44941 [sender.py:send_request():246] send_request: stop_status
2022-05-09 15:48:02,486 DEBUG   HandlerThread:44941 [handler.py:handle_request():141] handle_request: stop_status
2022-05-09 15:48:02,486 DEBUG   SenderThread:44941 [sender.py:send_request():246] send_request: stop_status
2022-05-09 15:48:14,998 DEBUG   SenderThread:44941 [sender.py:send():232] send: stats
2022-05-09 15:48:17,631 DEBUG   HandlerThread:44941 [handler.py:handle_request():141] handle_request: stop_status
2022-05-09 15:48:17,631 DEBUG   SenderThread:44941 [sender.py:send_request():246] send_request: stop_status
2022-05-09 15:48:33,002 DEBUG   HandlerThread:44941 [handler.py:handle_request():141] handle_request: stop_status
2022-05-09 15:48:33,002 DEBUG   SenderThread:44941 [sender.py:send_request():246] send_request: stop_status
2022-05-09 15:48:45,089 DEBUG   SenderThread:44941 [sender.py:send():232] send: stats
2022-05-09 15:48:48,151 DEBUG   HandlerThread:44941 [handler.py:handle_request():141] handle_request: stop_status
2022-05-09 15:48:48,151 DEBUG   SenderThread:44941 [sender.py:send_request():246] send_request: stop_status
2022-05-09 15:49:03,297 DEBUG   HandlerThread:44941 [handler.py:handle_request():141] handle_request: stop_status
2022-05-09 15:49:03,297 DEBUG   SenderThread:44941 [sender.py:send_request():246] send_request: stop_status
2022-05-09 15:49:15,219 DEBUG   SenderThread:44941 [sender.py:send():232] send: stats
2022-05-09 15:49:18,444 DEBUG   HandlerThread:44941 [handler.py:handle_request():141] handle_request: stop_status
2022-05-09 15:49:18,444 DEBUG   SenderThread:44941 [sender.py:send_request():246] send_request: stop_status
2022-05-09 15:49:33,589 DEBUG   HandlerThread:44941 [handler.py:handle_request():141] handle_request: stop_status
2022-05-09 15:49:33,589 DEBUG   SenderThread:44941 [sender.py:send_request():246] send_request: stop_status
2022-05-09 15:49:45,359 DEBUG   SenderThread:44941 [sender.py:send():232] send: stats
2022-05-09 15:49:48,979 DEBUG   HandlerThread:44941 [handler.py:handle_request():141] handle_request: stop_status
2022-05-09 15:49:48,979 DEBUG   SenderThread:44941 [sender.py:send_request():246] send_request: stop_status
2022-05-09 15:50:04,134 DEBUG   HandlerThread:44941 [handler.py:handle_request():141] handle_request: stop_status
2022-05-09 15:50:04,134 DEBUG   SenderThread:44941 [sender.py:send_request():246] send_request: stop_status
2022-05-09 15:50:15,518 DEBUG   SenderThread:44941 [sender.py:send():232] send: stats
2022-05-09 15:50:23,750 DEBUG   HandlerThread:44941 [handler.py:handle_request():141] handle_request: stop_status
2022-05-09 15:50:23,750 DEBUG   SenderThread:44941 [sender.py:send_request():246] send_request: stop_status
2022-05-09 15:50:39,077 DEBUG   HandlerThread:44941 [handler.py:handle_request():141] handle_request: stop_status
2022-05-09 15:50:39,078 DEBUG   SenderThread:44941 [sender.py:send_request():246] send_request: stop_status
2022-05-09 15:50:45,605 DEBUG   SenderThread:44941 [sender.py:send():232] send: stats
2022-05-09 15:50:54,232 DEBUG   HandlerThread:44941 [handler.py:handle_request():141] handle_request: stop_status
2022-05-09 15:50:54,232 DEBUG   SenderThread:44941 [sender.py:send_request():246] send_request: stop_status
2022-05-09 15:51:09,384 DEBUG   HandlerThread:44941 [handler.py:handle_request():141] handle_request: stop_status
2022-05-09 15:51:09,384 DEBUG   SenderThread:44941 [sender.py:send_request():246] send_request: stop_status
2022-05-09 15:51:29,378 DEBUG   HandlerThread:44941 [handler.py:handle_request():141] handle_request: stop_status
2022-05-09 15:51:43,070 ERROR   SenderThread:44941 [retry.py:__call__():126] Retry attempt failed:
Traceback (most recent call last):
  File "/home/luca/miniconda3/envs/cyclesgym/lib/python3.8/site-packages/urllib3/connectionpool.py", line 449, in _make_request
    six.raise_from(e, None)
  File "<string>", line 3, in raise_from
  File "/home/luca/miniconda3/envs/cyclesgym/lib/python3.8/site-packages/urllib3/connectionpool.py", line 444, in _make_request
    httplib_response = conn.getresponse()
  File "/home/luca/miniconda3/envs/cyclesgym/lib/python3.8/http/client.py", line 1348, in getresponse
    response.begin()
  File "/home/luca/miniconda3/envs/cyclesgym/lib/python3.8/http/client.py", line 316, in begin
    version, status, reason = self._read_status()
  File "/home/luca/miniconda3/envs/cyclesgym/lib/python3.8/http/client.py", line 277, in _read_status
    line = str(self.fp.readline(_MAXLINE + 1), "iso-8859-1")
  File "/home/luca/miniconda3/envs/cyclesgym/lib/python3.8/socket.py", line 669, in readinto
    return self._sock.recv_into(b)
  File "/home/luca/miniconda3/envs/cyclesgym/lib/python3.8/ssl.py", line 1241, in recv_into
    return self.read(nbytes, buffer)
  File "/home/luca/miniconda3/envs/cyclesgym/lib/python3.8/ssl.py", line 1099, in read
    return self._sslobj.read(len, buffer)
socket.timeout: The read operation timed out

During handling of the above exception, another exception occurred:

Traceback (most recent call last):
  File "/home/luca/miniconda3/envs/cyclesgym/lib/python3.8/site-packages/requests/adapters.py", line 440, in send
    resp = conn.urlopen(
  File "/home/luca/miniconda3/envs/cyclesgym/lib/python3.8/site-packages/urllib3/connectionpool.py", line 785, in urlopen
    retries = retries.increment(
  File "/home/luca/miniconda3/envs/cyclesgym/lib/python3.8/site-packages/urllib3/util/retry.py", line 550, in increment
    raise six.reraise(type(error), error, _stacktrace)
  File "/home/luca/miniconda3/envs/cyclesgym/lib/python3.8/site-packages/urllib3/packages/six.py", line 770, in reraise
    raise value
  File "/home/luca/miniconda3/envs/cyclesgym/lib/python3.8/site-packages/urllib3/connectionpool.py", line 703, in urlopen
    httplib_response = self._make_request(
  File "/home/luca/miniconda3/envs/cyclesgym/lib/python3.8/site-packages/urllib3/connectionpool.py", line 451, in _make_request
    self._raise_timeout(err=e, url=url, timeout_value=read_timeout)
  File "/home/luca/miniconda3/envs/cyclesgym/lib/python3.8/site-packages/urllib3/connectionpool.py", line 340, in _raise_timeout
    raise ReadTimeoutError(
urllib3.exceptions.ReadTimeoutError: HTTPSConnectionPool(host='api.wandb.ai', port=443): Read timed out. (read timeout=10)

During handling of the above exception, another exception occurred:

Traceback (most recent call last):
  File "/home/luca/miniconda3/envs/cyclesgym/lib/python3.8/site-packages/wandb/sdk/lib/retry.py", line 102, in __call__
    result = self._call_fn(*args, **kwargs)
  File "/home/luca/miniconda3/envs/cyclesgym/lib/python3.8/site-packages/wandb/sdk/internal/internal_api.py", line 140, in execute
    return self.client.execute(*args, **kwargs)
  File "/home/luca/miniconda3/envs/cyclesgym/lib/python3.8/site-packages/wandb/vendor/gql-0.2.0/wandb_gql/client.py", line 52, in execute
    result = self._get_result(document, *args, **kwargs)
  File "/home/luca/miniconda3/envs/cyclesgym/lib/python3.8/site-packages/wandb/vendor/gql-0.2.0/wandb_gql/client.py", line 60, in _get_result
    return self.transport.execute(document, *args, **kwargs)
  File "/home/luca/miniconda3/envs/cyclesgym/lib/python3.8/site-packages/wandb/vendor/gql-0.2.0/wandb_gql/transport/requests.py", line 38, in execute
    request = requests.post(self.url, **post_args)
  File "/home/luca/miniconda3/envs/cyclesgym/lib/python3.8/site-packages/requests/api.py", line 117, in post
    return request('post', url, data=data, json=json, **kwargs)
  File "/home/luca/miniconda3/envs/cyclesgym/lib/python3.8/site-packages/requests/api.py", line 61, in request
    return session.request(method=method, url=url, **kwargs)
  File "/home/luca/miniconda3/envs/cyclesgym/lib/python3.8/site-packages/requests/sessions.py", line 529, in request
    resp = self.send(prep, **send_kwargs)
  File "/home/luca/miniconda3/envs/cyclesgym/lib/python3.8/site-packages/requests/sessions.py", line 645, in send
    r = adapter.send(request, **kwargs)
  File "/home/luca/miniconda3/envs/cyclesgym/lib/python3.8/site-packages/requests/adapters.py", line 532, in send
    raise ReadTimeout(e, request=request)
requests.exceptions.ReadTimeout: HTTPSConnectionPool(host='api.wandb.ai', port=443): Read timed out. (read timeout=10)
2022-05-09 15:51:49,378 DEBUG   HandlerThread:44941 [handler.py:handle_request():141] handle_request: stop_status
2022-05-09 15:52:09,378 DEBUG   HandlerThread:44941 [handler.py:handle_request():141] handle_request: stop_status
2022-05-09 15:52:10,888 WARNING FileStreamThread:44941 [file_stream.py:request_with_retry():593] requests_with_retry encountered retryable exception: 500 Server Error: Internal Server Error for url: https://api.wandb.ai/files/koralabs/cyclesgym/jghf9w2t/file_stream. func: <bound method Session.post of <requests.sessions.Session object at 0x7f1e8b346430>>, args: ('https://api.wandb.ai/files/koralabs/cyclesgym/jghf9w2t/file_stream',), kwargs: {'json': {'complete': False, 'failed': False, 'dropped': 0, 'uploaded': []}}
2022-05-09 15:52:15,040 ERROR   SenderThread:44941 [internal_api.py:execute():143] 500 response executing GraphQL.
2022-05-09 15:52:15,040 ERROR   SenderThread:44941 [internal_api.py:execute():144] {"error":"Error 1040: Too many connections"}
2022-05-09 15:52:29,379 DEBUG   HandlerThread:44941 [handler.py:handle_request():141] handle_request: stop_status
2022-05-09 15:52:49,382 DEBUG   HandlerThread:44941 [handler.py:handle_request():141] handle_request: stop_status
2022-05-09 15:53:08,396 WARNING FileStreamThread:44941 [file_stream.py:request_with_retry():593] requests_with_retry encountered retryable exception: 500 Server Error: Internal Server Error for url: https://api.wandb.ai/files/koralabs/cyclesgym/jghf9w2t/file_stream. func: <bound method Session.post of <requests.sessions.Session object at 0x7f1e8b346430>>, args: ('https://api.wandb.ai/files/koralabs/cyclesgym/jghf9w2t/file_stream',), kwargs: {'json': {'complete': False, 'failed': False, 'dropped': 0, 'uploaded': []}}
2022-05-09 15:53:09,383 DEBUG   HandlerThread:44941 [handler.py:handle_request():141] handle_request: stop_status
2022-05-09 15:53:29,383 DEBUG   HandlerThread:44941 [handler.py:handle_request():141] handle_request: stop_status
2022-05-09 15:53:29,649 DEBUG   SenderThread:44941 [sender.py:send():232] send: stats
2022-05-09 15:53:29,650 DEBUG   SenderThread:44941 [sender.py:send_request():246] send_request: stop_status
2022-05-09 15:53:33,634 DEBUG   SenderThread:44941 [sender.py:send():232] send: stats
2022-05-09 15:53:33,634 DEBUG   SenderThread:44941 [sender.py:send_request():246] send_request: stop_status
2022-05-09 15:53:33,926 DEBUG   SenderThread:44941 [sender.py:send_request():246] send_request: stop_status
2022-05-09 15:53:34,115 DEBUG   SenderThread:44941 [sender.py:send():232] send: stats
2022-05-09 15:53:34,115 DEBUG   SenderThread:44941 [sender.py:send_request():246] send_request: stop_status
2022-05-09 15:53:34,339 DEBUG   SenderThread:44941 [sender.py:send():232] send: stats
2022-05-09 15:53:34,340 DEBUG   SenderThread:44941 [sender.py:send_request():246] send_request: stop_status
2022-05-09 15:53:34,560 DEBUG   SenderThread:44941 [sender.py:send_request():246] send_request: stop_status
2022-05-09 15:53:34,735 DEBUG   SenderThread:44941 [sender.py:send():232] send: stats
2022-05-09 15:53:34,735 DEBUG   SenderThread:44941 [sender.py:send_request():246] send_request: stop_status
2022-05-09 15:53:46,644 DEBUG   SenderThread:44941 [sender.py:send():232] send: stats
2022-05-09 15:53:49,398 DEBUG   HandlerThread:44941 [handler.py:handle_request():141] handle_request: stop_status
2022-05-09 15:53:49,399 DEBUG   SenderThread:44941 [sender.py:send_request():246] send_request: stop_status
2022-05-09 15:54:05,377 DEBUG   HandlerThread:44941 [handler.py:handle_request():141] handle_request: stop_status
2022-05-09 15:54:05,377 DEBUG   SenderThread:44941 [sender.py:send_request():246] send_request: stop_status
2022-05-09 15:54:16,716 DEBUG   SenderThread:44941 [sender.py:send():232] send: stats
2022-05-09 15:54:20,766 DEBUG   HandlerThread:44941 [handler.py:handle_request():141] handle_request: stop_status
2022-05-09 15:54:20,766 DEBUG   SenderThread:44941 [sender.py:send_request():246] send_request: stop_status
2022-05-09 15:54:35,939 DEBUG   HandlerThread:44941 [handler.py:handle_request():141] handle_request: stop_status
2022-05-09 15:54:35,940 DEBUG   SenderThread:44941 [sender.py:send_request():246] send_request: stop_status
2022-05-09 15:54:46,838 DEBUG   SenderThread:44941 [sender.py:send():232] send: stats
2022-05-09 15:54:51,083 DEBUG   HandlerThread:44941 [handler.py:handle_request():141] handle_request: stop_status
2022-05-09 15:54:51,093 DEBUG   SenderThread:44941 [sender.py:send_request():246] send_request: stop_status
2022-05-09 15:55:06,993 DEBUG   HandlerThread:44941 [handler.py:handle_request():141] handle_request: stop_status
2022-05-09 15:55:06,993 DEBUG   SenderThread:44941 [sender.py:send_request():246] send_request: stop_status
2022-05-09 15:55:16,958 DEBUG   SenderThread:44941 [sender.py:send():232] send: stats
2022-05-09 15:55:22,160 DEBUG   HandlerThread:44941 [handler.py:handle_request():141] handle_request: stop_status
2022-05-09 15:55:22,160 DEBUG   SenderThread:44941 [sender.py:send_request():246] send_request: stop_status
2022-05-09 15:55:37,856 DEBUG   HandlerThread:44941 [handler.py:handle_request():141] handle_request: stop_status
2022-05-09 15:55:37,856 DEBUG   SenderThread:44941 [sender.py:send_request():246] send_request: stop_status
2022-05-09 15:55:40,298 WARNING MainThread:44941 [internal.py:wandb_internal():153] Internal process interrupt: 1
2022-05-09 15:55:40,484 WARNING MainThread:44941 [internal.py:wandb_internal():153] Internal process interrupt: 2
2022-05-09 15:55:40,492 ERROR   MainThread:44941 [internal.py:wandb_internal():156] Internal process interrupted.
2022-05-09 15:55:40,962 INFO    WriterThread:44941 [datastore.py:close():279] close: /home/luca/Projects/plant_science/cyclesgym/cyclesgym/wandb/run-20220509_151701-jghf9w2t/run-jghf9w2t.wandb
2022-05-09 15:55:41,093 INFO    SenderThread:44941 [sender.py:finish():1110] shutting down sender
2022-05-09 15:55:41,093 INFO    SenderThread:44941 [dir_watcher.py:finish():312] shutting down directory watcher
2022-05-09 15:55:41,871 INFO    SenderThread:44941 [dir_watcher.py:finish():342] scan: /home/luca/Projects/plant_science/cyclesgym/cyclesgym/wandb/run-20220509_151701-jghf9w2t/files
2022-05-09 15:55:41,871 INFO    SenderThread:44941 [dir_watcher.py:finish():356] scan save: /home/luca/Projects/plant_science/cyclesgym/cyclesgym/wandb/run-20220509_151701-jghf9w2t/files/wandb-summary.json wandb-summary.json
2022-05-09 15:55:41,871 INFO    SenderThread:44941 [dir_watcher.py:finish():356] scan save: /home/luca/Projects/plant_science/cyclesgym/cyclesgym/wandb/run-20220509_151701-jghf9w2t/files/conda-environment.yaml conda-environment.yaml
2022-05-09 15:55:41,871 INFO    SenderThread:44941 [dir_watcher.py:finish():356] scan save: /home/luca/Projects/plant_science/cyclesgym/cyclesgym/wandb/run-20220509_151701-jghf9w2t/files/events.out.tfevents.1652102235.luca-All-Series.44899.0 events.out.tfevents.1652102235.luca-All-Series.44899.0
2022-05-09 15:55:41,872 INFO    SenderThread:44941 [dir_watcher.py:finish():356] scan save: /home/luca/Projects/plant_science/cyclesgym/cyclesgym/wandb/run-20220509_151701-jghf9w2t/files/output.log output.log
2022-05-09 15:55:41,876 INFO    SenderThread:44941 [dir_watcher.py:finish():356] scan save: /home/luca/Projects/plant_science/cyclesgym/cyclesgym/wandb/run-20220509_151701-jghf9w2t/files/wandb-metadata.json wandb-metadata.json
2022-05-09 15:55:41,876 INFO    SenderThread:44941 [dir_watcher.py:finish():356] scan save: /home/luca/Projects/plant_science/cyclesgym/cyclesgym/wandb/run-20220509_151701-jghf9w2t/files/config.yaml config.yaml
2022-05-09 15:55:41,876 INFO    SenderThread:44941 [dir_watcher.py:finish():356] scan save: /home/luca/Projects/plant_science/cyclesgym/cyclesgym/wandb/run-20220509_151701-jghf9w2t/files/requirements.txt requirements.txt
2022-05-09 15:55:41,876 INFO    SenderThread:44941 [file_pusher.py:finish():145] shutting down file pusher
2022-05-09 15:55:41,878 INFO    SenderThread:44941 [file_pusher.py:join():150] waiting for file pusher
2022-05-09 15:55:42,367 INFO    Thread-15 :44941 [upload_job.py:push():132] Uploaded file /home/luca/Projects/plant_science/cyclesgym/cyclesgym/wandb/run-20220509_151701-jghf9w2t/files/wandb-summary.json
2022-05-09 15:55:42,389 INFO    Thread-17 :44941 [upload_job.py:push():132] Uploaded file /home/luca/Projects/plant_science/cyclesgym/cyclesgym/wandb/run-20220509_151701-jghf9w2t/files/config.yaml
2022-05-09 15:55:42,392 INFO    Thread-16 :44941 [upload_job.py:push():132] Uploaded file /home/luca/Projects/plant_science/cyclesgym/cyclesgym/wandb/run-20220509_151701-jghf9w2t/files/conda-environment.yaml
2022-05-09 15:55:42,404 INFO    Thread-18 :44941 [upload_job.py:push():132] Uploaded file /home/luca/Projects/plant_science/cyclesgym/cyclesgym/wandb/run-20220509_151701-jghf9w2t/files/requirements.txt
