2022-05-09 15:17:02,818 INFO    MainThread:44959 [internal.py:wandb_internal():90] W&B internal server running at pid: 44959, started at: 2022-05-09 15:17:02.818285
2022-05-09 15:17:02,820 INFO    WriterThread:44959 [datastore.py:open_for_write():75] open: /home/luca/Projects/plant_science/cyclesgym/cyclesgym/wandb/run-20220509_151702-s7yvtfep/run-s7yvtfep.wandb
2022-05-09 15:17:02,821 DEBUG   SenderThread:44959 [sender.py:send():232] send: header
2022-05-09 15:17:02,821 DEBUG   SenderThread:44959 [sender.py:send():232] send: run
2022-05-09 15:17:03,107 INFO    SenderThread:44959 [dir_watcher.py:__init__():197] watching files in: /home/luca/Projects/plant_science/cyclesgym/cyclesgym/wandb/run-20220509_151702-s7yvtfep/files
2022-05-09 15:17:03,107 INFO    SenderThread:44959 [sender.py:_start_run_threads():811] run started: s7yvtfep with start time 1652102222
2022-05-09 15:17:03,107 DEBUG   SenderThread:44959 [sender.py:send():232] send: summary
2022-05-09 15:17:03,107 INFO    SenderThread:44959 [sender.py:_save_file():948] saving file wandb-summary.json with policy end
2022-05-09 15:17:03,109 DEBUG   HandlerThread:44959 [handler.py:handle_request():141] handle_request: check_version
2022-05-09 15:17:03,109 DEBUG   SenderThread:44959 [sender.py:send_request():246] send_request: check_version
2022-05-09 15:17:03,168 DEBUG   HandlerThread:44959 [handler.py:handle_request():141] handle_request: run_start
2022-05-09 15:17:03,170 DEBUG   HandlerThread:44959 [meta.py:__init__():35] meta init
2022-05-09 15:17:03,170 DEBUG   HandlerThread:44959 [meta.py:__init__():49] meta init done
2022-05-09 15:17:03,170 DEBUG   HandlerThread:44959 [meta.py:probe():209] probe
2022-05-09 15:17:03,176 DEBUG   HandlerThread:44959 [meta.py:_setup_git():199] setup git
2022-05-09 15:17:03,186 DEBUG   HandlerThread:44959 [meta.py:_setup_git():206] setup git done
2022-05-09 15:17:03,186 DEBUG   HandlerThread:44959 [meta.py:_save_pip():53] save pip
2022-05-09 15:17:03,186 DEBUG   HandlerThread:44959 [meta.py:_save_pip():67] save pip done
2022-05-09 15:17:03,186 DEBUG   HandlerThread:44959 [meta.py:_save_conda():74] save conda
2022-05-09 15:17:04,108 INFO    Thread-7  :44959 [dir_watcher.py:_on_file_created():244] file/dir created: /home/luca/Projects/plant_science/cyclesgym/cyclesgym/wandb/run-20220509_151702-s7yvtfep/files/wandb-summary.json
2022-05-09 15:17:04,109 INFO    Thread-7  :44959 [dir_watcher.py:_on_file_created():244] file/dir created: /home/luca/Projects/plant_science/cyclesgym/cyclesgym/wandb/run-20220509_151702-s7yvtfep/files/requirements.txt
2022-05-09 15:17:04,109 INFO    Thread-7  :44959 [dir_watcher.py:_on_file_created():244] file/dir created: /home/luca/Projects/plant_science/cyclesgym/cyclesgym/wandb/run-20220509_151702-s7yvtfep/files/conda-environment.yaml
2022-05-09 15:17:05,110 INFO    Thread-7  :44959 [dir_watcher.py:_on_file_modified():257] file/dir modified: /home/luca/Projects/plant_science/cyclesgym/cyclesgym/wandb/run-20220509_151702-s7yvtfep/files/conda-environment.yaml
2022-05-09 15:17:05,135 DEBUG   HandlerThread:44959 [meta.py:_save_conda():84] save conda done
2022-05-09 15:17:05,135 DEBUG   HandlerThread:44959 [meta.py:probe():247] probe done
2022-05-09 15:17:05,169 DEBUG   SenderThread:44959 [sender.py:send():232] send: files
2022-05-09 15:17:05,170 INFO    SenderThread:44959 [sender.py:_save_file():948] saving file wandb-metadata.json with policy now
2022-05-09 15:17:05,170 DEBUG   SenderThread:44959 [sender.py:send():232] send: config
2022-05-09 15:17:05,175 DEBUG   HandlerThread:44959 [handler.py:handle_request():141] handle_request: stop_status
2022-05-09 15:17:05,175 DEBUG   SenderThread:44959 [sender.py:send_request():246] send_request: stop_status
2022-05-09 15:17:05,731 DEBUG   SenderThread:44959 [sender.py:send():232] send: telemetry
2022-05-09 15:17:06,111 INFO    Thread-7  :44959 [dir_watcher.py:_on_file_created():244] file/dir created: /home/luca/Projects/plant_science/cyclesgym/cyclesgym/wandb/run-20220509_151702-s7yvtfep/files/output.log
2022-05-09 15:17:06,111 INFO    Thread-7  :44959 [dir_watcher.py:_on_file_created():244] file/dir created: /home/luca/Projects/plant_science/cyclesgym/cyclesgym/wandb/run-20220509_151702-s7yvtfep/files/wandb-metadata.json
2022-05-09 15:17:06,766 INFO    Thread-11 :44959 [upload_job.py:push():132] Uploaded file /tmp/tmpci4f51bxwandb/1yity4am-wandb-metadata.json
2022-05-09 15:17:09,577 DEBUG   SenderThread:44959 [sender.py:send():232] send: telemetry
2022-05-09 15:17:14,515 INFO    HandlerThread:44959 [handler.py:handle_tbrecord():723] handling tbrecord: tbrecord {
  log_dir: "./runs/s7yvtfep/PPO_1"
  save: true
}

2022-05-09 15:17:14,515 DEBUG   HandlerThread:44959 [config_util.py:dict_from_config_file():100] no default config file found in config-defaults.yaml
2022-05-09 15:17:14,539 DEBUG   SenderThread:44959 [sender.py:send():232] send: tbrecord
2022-05-09 15:17:14,552 DEBUG   SenderThread:44959 [sender.py:send():232] send: config
2022-05-09 15:17:15,542 DEBUG   SenderThread:44959 [sender.py:send():232] send: files
2022-05-09 15:17:15,542 INFO    SenderThread:44959 [sender.py:_save_file():948] saving file events.out.tfevents.1652102234.luca-All-Series.44897.0 with policy live
2022-05-09 15:17:16,113 INFO    Thread-7  :44959 [dir_watcher.py:_on_file_created():244] file/dir created: /home/luca/Projects/plant_science/cyclesgym/cyclesgym/wandb/run-20220509_151702-s7yvtfep/files/events.out.tfevents.1652102234.luca-All-Series.44897.0
2022-05-09 15:17:16,323 INFO    Thread-14 :44959 [upload_job.py:push():132] Uploaded file /tmp/tmpci4f51bxwandb/2y05xksb-events.out.tfevents.1652102234.luca-All-Series.44897.0
2022-05-09 15:17:20,733 DEBUG   HandlerThread:44959 [handler.py:handle_request():141] handle_request: stop_status
2022-05-09 15:17:20,733 DEBUG   SenderThread:44959 [sender.py:send_request():246] send_request: stop_status
2022-05-09 15:17:31,249 DEBUG   SenderThread:44959 [sender.py:send():232] send: stats
2022-05-09 15:17:34,119 INFO    Thread-7  :44959 [dir_watcher.py:_on_file_modified():257] file/dir modified: /home/luca/Projects/plant_science/cyclesgym/cyclesgym/wandb/run-20220509_151702-s7yvtfep/files/config.yaml
2022-05-09 15:17:35,888 DEBUG   HandlerThread:44959 [handler.py:handle_request():141] handle_request: stop_status
2022-05-09 15:17:35,889 DEBUG   SenderThread:44959 [sender.py:send_request():246] send_request: stop_status
2022-05-09 15:17:51,034 DEBUG   HandlerThread:44959 [handler.py:handle_request():141] handle_request: stop_status
2022-05-09 15:17:51,034 DEBUG   SenderThread:44959 [sender.py:send_request():246] send_request: stop_status
2022-05-09 15:18:01,515 DEBUG   SenderThread:44959 [sender.py:send():232] send: stats
2022-05-09 15:18:06,223 DEBUG   HandlerThread:44959 [handler.py:handle_request():141] handle_request: stop_status
2022-05-09 15:18:06,223 DEBUG   SenderThread:44959 [sender.py:send_request():246] send_request: stop_status
2022-05-09 15:18:21,377 DEBUG   HandlerThread:44959 [handler.py:handle_request():141] handle_request: stop_status
2022-05-09 15:18:21,378 DEBUG   SenderThread:44959 [sender.py:send_request():246] send_request: stop_status
2022-05-09 15:18:31,816 DEBUG   SenderThread:44959 [sender.py:send():232] send: stats
2022-05-09 15:18:36,521 DEBUG   HandlerThread:44959 [handler.py:handle_request():141] handle_request: stop_status
2022-05-09 15:18:36,521 DEBUG   SenderThread:44959 [sender.py:send_request():246] send_request: stop_status
2022-05-09 15:18:51,674 DEBUG   HandlerThread:44959 [handler.py:handle_request():141] handle_request: stop_status
2022-05-09 15:18:51,674 DEBUG   SenderThread:44959 [sender.py:send_request():246] send_request: stop_status
2022-05-09 15:19:02,108 DEBUG   SenderThread:44959 [sender.py:send():232] send: stats
2022-05-09 15:19:06,828 DEBUG   HandlerThread:44959 [handler.py:handle_request():141] handle_request: stop_status
2022-05-09 15:19:06,828 DEBUG   SenderThread:44959 [sender.py:send_request():246] send_request: stop_status
2022-05-09 15:19:21,978 DEBUG   HandlerThread:44959 [handler.py:handle_request():141] handle_request: stop_status
2022-05-09 15:19:21,982 DEBUG   SenderThread:44959 [sender.py:send_request():246] send_request: stop_status
2022-05-09 15:19:32,501 DEBUG   SenderThread:44959 [sender.py:send():232] send: stats
2022-05-09 15:19:37,137 DEBUG   HandlerThread:44959 [handler.py:handle_request():141] handle_request: stop_status
2022-05-09 15:19:37,137 DEBUG   SenderThread:44959 [sender.py:send_request():246] send_request: stop_status
2022-05-09 15:19:52,290 DEBUG   HandlerThread:44959 [handler.py:handle_request():141] handle_request: stop_status
2022-05-09 15:19:52,290 DEBUG   SenderThread:44959 [sender.py:send_request():246] send_request: stop_status
2022-05-09 15:20:02,761 DEBUG   SenderThread:44959 [sender.py:send():232] send: stats
2022-05-09 15:20:07,449 DEBUG   HandlerThread:44959 [handler.py:handle_request():141] handle_request: stop_status
2022-05-09 15:20:07,449 DEBUG   SenderThread:44959 [sender.py:send_request():246] send_request: stop_status
2022-05-09 15:20:22,760 DEBUG   HandlerThread:44959 [handler.py:handle_request():141] handle_request: stop_status
2022-05-09 15:20:22,760 DEBUG   SenderThread:44959 [sender.py:send_request():246] send_request: stop_status
2022-05-09 15:20:33,170 DEBUG   SenderThread:44959 [sender.py:send():232] send: stats
2022-05-09 15:20:38,245 DEBUG   HandlerThread:44959 [handler.py:handle_request():141] handle_request: stop_status
2022-05-09 15:20:38,245 DEBUG   SenderThread:44959 [sender.py:send_request():246] send_request: stop_status
2022-05-09 15:20:53,404 DEBUG   HandlerThread:44959 [handler.py:handle_request():141] handle_request: stop_status
2022-05-09 15:20:53,405 DEBUG   SenderThread:44959 [sender.py:send_request():246] send_request: stop_status
2022-05-09 15:21:03,500 DEBUG   SenderThread:44959 [sender.py:send():232] send: stats
2022-05-09 15:21:08,551 DEBUG   HandlerThread:44959 [handler.py:handle_request():141] handle_request: stop_status
2022-05-09 15:21:08,551 DEBUG   SenderThread:44959 [sender.py:send_request():246] send_request: stop_status
2022-05-09 15:21:23,707 DEBUG   HandlerThread:44959 [handler.py:handle_request():141] handle_request: stop_status
2022-05-09 15:21:23,708 DEBUG   SenderThread:44959 [sender.py:send_request():246] send_request: stop_status
2022-05-09 15:21:33,632 DEBUG   SenderThread:44959 [sender.py:send():232] send: stats
2022-05-09 15:21:38,877 DEBUG   HandlerThread:44959 [handler.py:handle_request():141] handle_request: stop_status
2022-05-09 15:21:38,877 DEBUG   SenderThread:44959 [sender.py:send_request():246] send_request: stop_status
2022-05-09 15:21:54,076 DEBUG   HandlerThread:44959 [handler.py:handle_request():141] handle_request: stop_status
2022-05-09 15:21:54,076 DEBUG   SenderThread:44959 [sender.py:send_request():246] send_request: stop_status
2022-05-09 15:22:03,742 DEBUG   SenderThread:44959 [sender.py:send():232] send: stats
2022-05-09 15:22:09,224 DEBUG   HandlerThread:44959 [handler.py:handle_request():141] handle_request: stop_status
2022-05-09 15:22:09,225 DEBUG   SenderThread:44959 [sender.py:send_request():246] send_request: stop_status
2022-05-09 15:22:24,520 DEBUG   HandlerThread:44959 [handler.py:handle_request():141] handle_request: stop_status
2022-05-09 15:22:24,520 DEBUG   SenderThread:44959 [sender.py:send_request():246] send_request: stop_status
2022-05-09 15:22:34,008 DEBUG   SenderThread:44959 [sender.py:send():232] send: stats
2022-05-09 15:22:39,668 DEBUG   HandlerThread:44959 [handler.py:handle_request():141] handle_request: stop_status
2022-05-09 15:22:39,668 DEBUG   SenderThread:44959 [sender.py:send_request():246] send_request: stop_status
2022-05-09 15:22:54,830 DEBUG   HandlerThread:44959 [handler.py:handle_request():141] handle_request: stop_status
2022-05-09 15:22:54,834 DEBUG   SenderThread:44959 [sender.py:send_request():246] send_request: stop_status
2022-05-09 15:23:04,237 DEBUG   SenderThread:44959 [sender.py:send():232] send: stats
2022-05-09 15:23:10,021 DEBUG   HandlerThread:44959 [handler.py:handle_request():141] handle_request: stop_status
2022-05-09 15:23:10,022 DEBUG   SenderThread:44959 [sender.py:send_request():246] send_request: stop_status
2022-05-09 15:23:25,185 DEBUG   HandlerThread:44959 [handler.py:handle_request():141] handle_request: stop_status
2022-05-09 15:23:25,185 DEBUG   SenderThread:44959 [sender.py:send_request():246] send_request: stop_status
2022-05-09 15:23:34,616 DEBUG   SenderThread:44959 [sender.py:send():232] send: stats
2022-05-09 15:23:40,359 DEBUG   HandlerThread:44959 [handler.py:handle_request():141] handle_request: stop_status
2022-05-09 15:23:40,361 DEBUG   SenderThread:44959 [sender.py:send_request():246] send_request: stop_status
2022-05-09 15:23:55,514 DEBUG   HandlerThread:44959 [handler.py:handle_request():141] handle_request: stop_status
2022-05-09 15:23:55,514 DEBUG   SenderThread:44959 [sender.py:send_request():246] send_request: stop_status
2022-05-09 15:24:04,774 DEBUG   SenderThread:44959 [sender.py:send():232] send: stats
2022-05-09 15:24:10,658 DEBUG   HandlerThread:44959 [handler.py:handle_request():141] handle_request: stop_status
2022-05-09 15:24:10,658 DEBUG   SenderThread:44959 [sender.py:send_request():246] send_request: stop_status
2022-05-09 15:24:25,836 DEBUG   HandlerThread:44959 [handler.py:handle_request():141] handle_request: stop_status
2022-05-09 15:24:25,836 DEBUG   SenderThread:44959 [sender.py:send_request():246] send_request: stop_status
2022-05-09 15:24:35,102 DEBUG   SenderThread:44959 [sender.py:send():232] send: stats
2022-05-09 15:24:40,985 DEBUG   HandlerThread:44959 [handler.py:handle_request():141] handle_request: stop_status
2022-05-09 15:24:40,985 DEBUG   SenderThread:44959 [sender.py:send_request():246] send_request: stop_status
2022-05-09 15:24:56,139 DEBUG   HandlerThread:44959 [handler.py:handle_request():141] handle_request: stop_status
2022-05-09 15:24:56,139 DEBUG   SenderThread:44959 [sender.py:send_request():246] send_request: stop_status
2022-05-09 15:25:05,384 DEBUG   SenderThread:44959 [sender.py:send():232] send: stats
2022-05-09 15:25:11,335 DEBUG   HandlerThread:44959 [handler.py:handle_request():141] handle_request: stop_status
2022-05-09 15:25:11,336 DEBUG   SenderThread:44959 [sender.py:send_request():246] send_request: stop_status
2022-05-09 15:25:26,498 DEBUG   HandlerThread:44959 [handler.py:handle_request():141] handle_request: stop_status
2022-05-09 15:25:26,498 DEBUG   SenderThread:44959 [sender.py:send_request():246] send_request: stop_status
2022-05-09 15:25:35,746 DEBUG   SenderThread:44959 [sender.py:send():232] send: stats
2022-05-09 15:25:41,687 DEBUG   HandlerThread:44959 [handler.py:handle_request():141] handle_request: stop_status
2022-05-09 15:25:41,687 DEBUG   SenderThread:44959 [sender.py:send_request():246] send_request: stop_status
2022-05-09 15:25:56,841 DEBUG   HandlerThread:44959 [handler.py:handle_request():141] handle_request: stop_status
2022-05-09 15:25:56,842 DEBUG   SenderThread:44959 [sender.py:send_request():246] send_request: stop_status
2022-05-09 15:26:06,082 DEBUG   SenderThread:44959 [sender.py:send():232] send: stats
2022-05-09 15:26:12,337 DEBUG   HandlerThread:44959 [handler.py:handle_request():141] handle_request: stop_status
2022-05-09 15:26:12,337 DEBUG   SenderThread:44959 [sender.py:send_request():246] send_request: stop_status
2022-05-09 15:26:27,511 DEBUG   HandlerThread:44959 [handler.py:handle_request():141] handle_request: stop_status
2022-05-09 15:26:27,511 DEBUG   SenderThread:44959 [sender.py:send_request():246] send_request: stop_status
2022-05-09 15:26:36,626 DEBUG   SenderThread:44959 [sender.py:send():232] send: stats
2022-05-09 15:26:42,656 DEBUG   HandlerThread:44959 [handler.py:handle_request():141] handle_request: stop_status
2022-05-09 15:26:42,656 DEBUG   SenderThread:44959 [sender.py:send_request():246] send_request: stop_status
2022-05-09 15:26:57,824 DEBUG   HandlerThread:44959 [handler.py:handle_request():141] handle_request: stop_status
2022-05-09 15:26:57,825 DEBUG   SenderThread:44959 [sender.py:send_request():246] send_request: stop_status
2022-05-09 15:27:07,189 DEBUG   SenderThread:44959 [sender.py:send():232] send: stats
2022-05-09 15:27:13,011 DEBUG   HandlerThread:44959 [handler.py:handle_request():141] handle_request: stop_status
2022-05-09 15:27:13,011 DEBUG   SenderThread:44959 [sender.py:send_request():246] send_request: stop_status
2022-05-09 15:27:28,170 DEBUG   HandlerThread:44959 [handler.py:handle_request():141] handle_request: stop_status
2022-05-09 15:27:28,170 DEBUG   SenderThread:44959 [sender.py:send_request():246] send_request: stop_status
2022-05-09 15:27:37,532 DEBUG   SenderThread:44959 [sender.py:send():232] send: stats
2022-05-09 15:27:43,358 DEBUG   HandlerThread:44959 [handler.py:handle_request():141] handle_request: stop_status
2022-05-09 15:27:43,358 DEBUG   SenderThread:44959 [sender.py:send_request():246] send_request: stop_status
2022-05-09 15:27:58,510 DEBUG   HandlerThread:44959 [handler.py:handle_request():141] handle_request: stop_status
2022-05-09 15:27:58,511 DEBUG   SenderThread:44959 [sender.py:send_request():246] send_request: stop_status
2022-05-09 15:28:07,853 DEBUG   SenderThread:44959 [sender.py:send():232] send: stats
2022-05-09 15:28:13,661 DEBUG   HandlerThread:44959 [handler.py:handle_request():141] handle_request: stop_status
2022-05-09 15:28:13,662 DEBUG   SenderThread:44959 [sender.py:send_request():246] send_request: stop_status
2022-05-09 15:28:28,806 DEBUG   HandlerThread:44959 [handler.py:handle_request():141] handle_request: stop_status
2022-05-09 15:28:28,822 DEBUG   SenderThread:44959 [sender.py:send_request():246] send_request: stop_status
2022-05-09 15:28:38,072 DEBUG   SenderThread:44959 [sender.py:send():232] send: stats
2022-05-09 15:28:44,034 DEBUG   HandlerThread:44959 [handler.py:handle_request():141] handle_request: stop_status
2022-05-09 15:28:44,034 DEBUG   SenderThread:44959 [sender.py:send_request():246] send_request: stop_status
2022-05-09 15:28:59,176 DEBUG   HandlerThread:44959 [handler.py:handle_request():141] handle_request: stop_status
2022-05-09 15:28:59,176 DEBUG   SenderThread:44959 [sender.py:send_request():246] send_request: stop_status
2022-05-09 15:29:08,304 DEBUG   SenderThread:44959 [sender.py:send():232] send: stats
2022-05-09 15:29:14,563 DEBUG   HandlerThread:44959 [handler.py:handle_request():141] handle_request: stop_status
2022-05-09 15:29:14,563 DEBUG   SenderThread:44959 [sender.py:send_request():246] send_request: stop_status
2022-05-09 15:29:29,710 DEBUG   HandlerThread:44959 [handler.py:handle_request():141] handle_request: stop_status
2022-05-09 15:29:29,711 DEBUG   SenderThread:44959 [sender.py:send_request():246] send_request: stop_status
2022-05-09 15:29:38,512 DEBUG   SenderThread:44959 [sender.py:send():232] send: stats
2022-05-09 15:29:44,860 DEBUG   HandlerThread:44959 [handler.py:handle_request():141] handle_request: stop_status
2022-05-09 15:29:44,860 DEBUG   SenderThread:44959 [sender.py:send_request():246] send_request: stop_status
2022-05-09 15:30:00,014 DEBUG   HandlerThread:44959 [handler.py:handle_request():141] handle_request: stop_status
2022-05-09 15:30:00,014 DEBUG   SenderThread:44959 [sender.py:send_request():246] send_request: stop_status
2022-05-09 15:30:08,662 DEBUG   SenderThread:44959 [sender.py:send():232] send: stats
2022-05-09 15:30:15,162 DEBUG   HandlerThread:44959 [handler.py:handle_request():141] handle_request: stop_status
2022-05-09 15:30:15,162 DEBUG   SenderThread:44959 [sender.py:send_request():246] send_request: stop_status
2022-05-09 15:30:30,318 DEBUG   HandlerThread:44959 [handler.py:handle_request():141] handle_request: stop_status
2022-05-09 15:30:30,319 DEBUG   SenderThread:44959 [sender.py:send_request():246] send_request: stop_status
2022-05-09 15:30:38,838 DEBUG   SenderThread:44959 [sender.py:send():232] send: stats
2022-05-09 15:30:45,501 DEBUG   HandlerThread:44959 [handler.py:handle_request():141] handle_request: stop_status
2022-05-09 15:30:45,502 DEBUG   SenderThread:44959 [sender.py:send_request():246] send_request: stop_status
2022-05-09 15:31:00,651 DEBUG   HandlerThread:44959 [handler.py:handle_request():141] handle_request: stop_status
2022-05-09 15:31:00,651 DEBUG   SenderThread:44959 [sender.py:send_request():246] send_request: stop_status
2022-05-09 15:31:08,985 DEBUG   SenderThread:44959 [sender.py:send():232] send: stats
2022-05-09 15:31:15,803 DEBUG   HandlerThread:44959 [handler.py:handle_request():141] handle_request: stop_status
2022-05-09 15:31:15,803 DEBUG   SenderThread:44959 [sender.py:send_request():246] send_request: stop_status
2022-05-09 15:31:30,966 DEBUG   HandlerThread:44959 [handler.py:handle_request():141] handle_request: stop_status
2022-05-09 15:31:30,966 DEBUG   SenderThread:44959 [sender.py:send_request():246] send_request: stop_status
2022-05-09 15:31:39,236 DEBUG   SenderThread:44959 [sender.py:send():232] send: stats
2022-05-09 15:31:46,162 DEBUG   HandlerThread:44959 [handler.py:handle_request():141] handle_request: stop_status
2022-05-09 15:31:46,162 DEBUG   SenderThread:44959 [sender.py:send_request():246] send_request: stop_status
2022-05-09 15:32:01,303 DEBUG   HandlerThread:44959 [handler.py:handle_request():141] handle_request: stop_status
2022-05-09 15:32:01,303 DEBUG   SenderThread:44959 [sender.py:send_request():246] send_request: stop_status
2022-05-09 15:32:09,532 DEBUG   SenderThread:44959 [sender.py:send():232] send: stats
2022-05-09 15:32:16,538 DEBUG   HandlerThread:44959 [handler.py:handle_request():141] handle_request: stop_status
2022-05-09 15:32:16,538 DEBUG   SenderThread:44959 [sender.py:send_request():246] send_request: stop_status
2022-05-09 15:32:31,696 DEBUG   HandlerThread:44959 [handler.py:handle_request():141] handle_request: stop_status
2022-05-09 15:32:31,696 DEBUG   SenderThread:44959 [sender.py:send_request():246] send_request: stop_status
2022-05-09 15:32:39,709 DEBUG   SenderThread:44959 [sender.py:send():232] send: stats
2022-05-09 15:32:46,841 DEBUG   HandlerThread:44959 [handler.py:handle_request():141] handle_request: stop_status
2022-05-09 15:32:46,841 DEBUG   SenderThread:44959 [sender.py:send_request():246] send_request: stop_status
2022-05-09 15:33:02,015 DEBUG   HandlerThread:44959 [handler.py:handle_request():141] handle_request: stop_status
2022-05-09 15:33:02,015 DEBUG   SenderThread:44959 [sender.py:send_request():246] send_request: stop_status
2022-05-09 15:33:10,136 DEBUG   SenderThread:44959 [sender.py:send():232] send: stats
2022-05-09 15:33:17,450 DEBUG   HandlerThread:44959 [handler.py:handle_request():141] handle_request: stop_status
2022-05-09 15:33:17,450 DEBUG   SenderThread:44959 [sender.py:send_request():246] send_request: stop_status
2022-05-09 15:33:32,618 DEBUG   HandlerThread:44959 [handler.py:handle_request():141] handle_request: stop_status
2022-05-09 15:33:32,619 DEBUG   SenderThread:44959 [sender.py:send_request():246] send_request: stop_status
2022-05-09 15:33:40,502 DEBUG   SenderThread:44959 [sender.py:send():232] send: stats
2022-05-09 15:33:47,769 DEBUG   HandlerThread:44959 [handler.py:handle_request():141] handle_request: stop_status
2022-05-09 15:33:47,770 DEBUG   SenderThread:44959 [sender.py:send_request():246] send_request: stop_status
2022-05-09 15:34:02,962 DEBUG   HandlerThread:44959 [handler.py:handle_request():141] handle_request: stop_status
2022-05-09 15:34:02,962 DEBUG   SenderThread:44959 [sender.py:send_request():246] send_request: stop_status
2022-05-09 15:34:11,004 DEBUG   SenderThread:44959 [sender.py:send():232] send: stats
2022-05-09 15:34:18,126 DEBUG   HandlerThread:44959 [handler.py:handle_request():141] handle_request: stop_status
2022-05-09 15:34:18,126 DEBUG   SenderThread:44959 [sender.py:send_request():246] send_request: stop_status
2022-05-09 15:34:33,311 DEBUG   HandlerThread:44959 [handler.py:handle_request():141] handle_request: stop_status
2022-05-09 15:34:33,311 DEBUG   SenderThread:44959 [sender.py:send_request():246] send_request: stop_status
2022-05-09 15:34:41,249 DEBUG   SenderThread:44959 [sender.py:send():232] send: stats
2022-05-09 15:34:48,479 DEBUG   HandlerThread:44959 [handler.py:handle_request():141] handle_request: stop_status
2022-05-09 15:34:48,479 DEBUG   SenderThread:44959 [sender.py:send_request():246] send_request: stop_status
2022-05-09 15:35:03,624 DEBUG   HandlerThread:44959 [handler.py:handle_request():141] handle_request: stop_status
2022-05-09 15:35:03,625 DEBUG   SenderThread:44959 [sender.py:send_request():246] send_request: stop_status
2022-05-09 15:35:11,327 DEBUG   SenderThread:44959 [sender.py:send():232] send: stats
2022-05-09 15:35:18,769 DEBUG   HandlerThread:44959 [handler.py:handle_request():141] handle_request: stop_status
2022-05-09 15:35:18,769 DEBUG   SenderThread:44959 [sender.py:send_request():246] send_request: stop_status
2022-05-09 15:35:33,946 DEBUG   HandlerThread:44959 [handler.py:handle_request():141] handle_request: stop_status
2022-05-09 15:35:33,946 DEBUG   SenderThread:44959 [sender.py:send_request():246] send_request: stop_status
2022-05-09 15:35:41,565 DEBUG   SenderThread:44959 [sender.py:send():232] send: stats
2022-05-09 15:35:49,093 DEBUG   HandlerThread:44959 [handler.py:handle_request():141] handle_request: stop_status
2022-05-09 15:35:49,093 DEBUG   SenderThread:44959 [sender.py:send_request():246] send_request: stop_status
2022-05-09 15:36:04,249 DEBUG   HandlerThread:44959 [handler.py:handle_request():141] handle_request: stop_status
2022-05-09 15:36:04,250 DEBUG   SenderThread:44959 [sender.py:send_request():246] send_request: stop_status
2022-05-09 15:36:11,772 DEBUG   SenderThread:44959 [sender.py:send():232] send: stats
2022-05-09 15:36:19,399 DEBUG   HandlerThread:44959 [handler.py:handle_request():141] handle_request: stop_status
2022-05-09 15:36:19,400 DEBUG   SenderThread:44959 [sender.py:send_request():246] send_request: stop_status
2022-05-09 15:36:34,606 DEBUG   HandlerThread:44959 [handler.py:handle_request():141] handle_request: stop_status
2022-05-09 15:36:34,606 DEBUG   SenderThread:44959 [sender.py:send_request():246] send_request: stop_status
2022-05-09 15:36:41,866 DEBUG   SenderThread:44959 [sender.py:send():232] send: stats
2022-05-09 15:36:49,753 DEBUG   HandlerThread:44959 [handler.py:handle_request():141] handle_request: stop_status
2022-05-09 15:36:49,753 DEBUG   SenderThread:44959 [sender.py:send_request():246] send_request: stop_status
2022-05-09 15:37:05,080 DEBUG   HandlerThread:44959 [handler.py:handle_request():141] handle_request: stop_status
2022-05-09 15:37:05,081 DEBUG   SenderThread:44959 [sender.py:send_request():246] send_request: stop_status
2022-05-09 15:37:12,079 DEBUG   SenderThread:44959 [sender.py:send():232] send: stats
2022-05-09 15:37:20,378 DEBUG   HandlerThread:44959 [handler.py:handle_request():141] handle_request: stop_status
2022-05-09 15:37:20,379 DEBUG   SenderThread:44959 [sender.py:send_request():246] send_request: stop_status
2022-05-09 15:37:35,527 DEBUG   HandlerThread:44959 [handler.py:handle_request():141] handle_request: stop_status
2022-05-09 15:37:35,527 DEBUG   SenderThread:44959 [sender.py:send_request():246] send_request: stop_status
2022-05-09 15:37:42,264 DEBUG   SenderThread:44959 [sender.py:send():232] send: stats
2022-05-09 15:37:50,683 DEBUG   HandlerThread:44959 [handler.py:handle_request():141] handle_request: stop_status
2022-05-09 15:37:50,683 DEBUG   SenderThread:44959 [sender.py:send_request():246] send_request: stop_status
2022-05-09 15:38:05,849 DEBUG   HandlerThread:44959 [handler.py:handle_request():141] handle_request: stop_status
2022-05-09 15:38:05,849 DEBUG   SenderThread:44959 [sender.py:send_request():246] send_request: stop_status
2022-05-09 15:38:12,443 DEBUG   SenderThread:44959 [sender.py:send():232] send: stats
2022-05-09 15:38:21,006 DEBUG   HandlerThread:44959 [handler.py:handle_request():141] handle_request: stop_status
2022-05-09 15:38:21,006 DEBUG   SenderThread:44959 [sender.py:send_request():246] send_request: stop_status
2022-05-09 15:38:36,155 DEBUG   HandlerThread:44959 [handler.py:handle_request():141] handle_request: stop_status
2022-05-09 15:38:36,156 DEBUG   SenderThread:44959 [sender.py:send_request():246] send_request: stop_status
2022-05-09 15:38:42,628 DEBUG   SenderThread:44959 [sender.py:send():232] send: stats
2022-05-09 15:38:51,312 DEBUG   HandlerThread:44959 [handler.py:handle_request():141] handle_request: stop_status
2022-05-09 15:38:51,312 DEBUG   SenderThread:44959 [sender.py:send_request():246] send_request: stop_status
2022-05-09 15:39:06,503 DEBUG   HandlerThread:44959 [handler.py:handle_request():141] handle_request: stop_status
2022-05-09 15:39:06,503 DEBUG   SenderThread:44959 [sender.py:send_request():246] send_request: stop_status
2022-05-09 15:39:12,753 DEBUG   SenderThread:44959 [sender.py:send():232] send: stats
2022-05-09 15:39:21,661 DEBUG   HandlerThread:44959 [handler.py:handle_request():141] handle_request: stop_status
2022-05-09 15:39:21,662 DEBUG   SenderThread:44959 [sender.py:send_request():246] send_request: stop_status
2022-05-09 15:39:36,805 DEBUG   HandlerThread:44959 [handler.py:handle_request():141] handle_request: stop_status
2022-05-09 15:39:36,805 DEBUG   SenderThread:44959 [sender.py:send_request():246] send_request: stop_status
2022-05-09 15:39:42,877 DEBUG   SenderThread:44959 [sender.py:send():232] send: stats
2022-05-09 15:39:52,006 DEBUG   HandlerThread:44959 [handler.py:handle_request():141] handle_request: stop_status
2022-05-09 15:39:52,006 DEBUG   SenderThread:44959 [sender.py:send_request():246] send_request: stop_status
2022-05-09 15:40:07,160 DEBUG   HandlerThread:44959 [handler.py:handle_request():141] handle_request: stop_status
2022-05-09 15:40:07,160 DEBUG   SenderThread:44959 [sender.py:send_request():246] send_request: stop_status
2022-05-09 15:40:13,085 DEBUG   SenderThread:44959 [sender.py:send():232] send: stats
2022-05-09 15:40:22,378 DEBUG   HandlerThread:44959 [handler.py:handle_request():141] handle_request: stop_status
2022-05-09 15:40:22,378 DEBUG   SenderThread:44959 [sender.py:send_request():246] send_request: stop_status
2022-05-09 15:40:37,533 DEBUG   HandlerThread:44959 [handler.py:handle_request():141] handle_request: stop_status
2022-05-09 15:40:37,534 DEBUG   SenderThread:44959 [sender.py:send_request():246] send_request: stop_status
2022-05-09 15:40:43,349 DEBUG   SenderThread:44959 [sender.py:send():232] send: stats
2022-05-09 15:40:52,691 DEBUG   HandlerThread:44959 [handler.py:handle_request():141] handle_request: stop_status
2022-05-09 15:40:52,691 DEBUG   SenderThread:44959 [sender.py:send_request():246] send_request: stop_status
2022-05-09 15:41:07,839 DEBUG   HandlerThread:44959 [handler.py:handle_request():141] handle_request: stop_status
2022-05-09 15:41:07,839 DEBUG   SenderThread:44959 [sender.py:send_request():246] send_request: stop_status
2022-05-09 15:41:13,444 DEBUG   SenderThread:44959 [sender.py:send():232] send: stats
2022-05-09 15:41:22,989 DEBUG   HandlerThread:44959 [handler.py:handle_request():141] handle_request: stop_status
2022-05-09 15:41:22,989 DEBUG   SenderThread:44959 [sender.py:send_request():246] send_request: stop_status
2022-05-09 15:41:38,139 DEBUG   HandlerThread:44959 [handler.py:handle_request():141] handle_request: stop_status
2022-05-09 15:41:38,139 DEBUG   SenderThread:44959 [sender.py:send_request():246] send_request: stop_status
2022-05-09 15:41:43,553 DEBUG   SenderThread:44959 [sender.py:send():232] send: stats
2022-05-09 15:41:53,888 DEBUG   HandlerThread:44959 [handler.py:handle_request():141] handle_request: stop_status
2022-05-09 15:41:53,888 DEBUG   SenderThread:44959 [sender.py:send_request():246] send_request: stop_status
2022-05-09 15:42:09,042 DEBUG   HandlerThread:44959 [handler.py:handle_request():141] handle_request: stop_status
2022-05-09 15:42:09,042 DEBUG   SenderThread:44959 [sender.py:send_request():246] send_request: stop_status
2022-05-09 15:42:13,778 DEBUG   SenderThread:44959 [sender.py:send():232] send: stats
2022-05-09 15:42:25,707 DEBUG   HandlerThread:44959 [handler.py:handle_request():141] handle_request: stop_status
2022-05-09 15:42:25,707 DEBUG   SenderThread:44959 [sender.py:send_request():246] send_request: stop_status
2022-05-09 15:42:40,851 DEBUG   HandlerThread:44959 [handler.py:handle_request():141] handle_request: stop_status
2022-05-09 15:42:40,851 DEBUG   SenderThread:44959 [sender.py:send_request():246] send_request: stop_status
2022-05-09 15:42:43,885 DEBUG   SenderThread:44959 [sender.py:send():232] send: stats
2022-05-09 15:42:56,000 DEBUG   HandlerThread:44959 [handler.py:handle_request():141] handle_request: stop_status
2022-05-09 15:42:56,000 DEBUG   SenderThread:44959 [sender.py:send_request():246] send_request: stop_status
2022-05-09 15:43:11,143 DEBUG   HandlerThread:44959 [handler.py:handle_request():141] handle_request: stop_status
2022-05-09 15:43:11,143 DEBUG   SenderThread:44959 [sender.py:send_request():246] send_request: stop_status
2022-05-09 15:43:14,052 DEBUG   SenderThread:44959 [sender.py:send():232] send: stats
2022-05-09 15:43:27,599 DEBUG   HandlerThread:44959 [handler.py:handle_request():141] handle_request: stop_status
2022-05-09 15:43:27,599 DEBUG   SenderThread:44959 [sender.py:send_request():246] send_request: stop_status
2022-05-09 15:43:42,750 DEBUG   HandlerThread:44959 [handler.py:handle_request():141] handle_request: stop_status
2022-05-09 15:43:42,751 DEBUG   SenderThread:44959 [sender.py:send_request():246] send_request: stop_status
2022-05-09 15:43:44,185 DEBUG   SenderThread:44959 [sender.py:send():232] send: stats
2022-05-09 15:43:57,897 DEBUG   HandlerThread:44959 [handler.py:handle_request():141] handle_request: stop_status
2022-05-09 15:43:57,897 DEBUG   SenderThread:44959 [sender.py:send_request():246] send_request: stop_status
2022-05-09 15:44:13,468 DEBUG   HandlerThread:44959 [handler.py:handle_request():141] handle_request: stop_status
2022-05-09 15:44:13,468 DEBUG   SenderThread:44959 [sender.py:send_request():246] send_request: stop_status
2022-05-09 15:44:14,459 DEBUG   SenderThread:44959 [sender.py:send():232] send: stats
2022-05-09 15:44:28,654 DEBUG   HandlerThread:44959 [handler.py:handle_request():141] handle_request: stop_status
2022-05-09 15:44:28,655 DEBUG   SenderThread:44959 [sender.py:send_request():246] send_request: stop_status
2022-05-09 15:44:43,810 DEBUG   HandlerThread:44959 [handler.py:handle_request():141] handle_request: stop_status
2022-05-09 15:44:43,811 DEBUG   SenderThread:44959 [sender.py:send_request():246] send_request: stop_status
2022-05-09 15:44:44,786 DEBUG   SenderThread:44959 [sender.py:send():232] send: stats
2022-05-09 15:44:58,957 DEBUG   HandlerThread:44959 [handler.py:handle_request():141] handle_request: stop_status
2022-05-09 15:44:58,957 DEBUG   SenderThread:44959 [sender.py:send_request():246] send_request: stop_status
2022-05-09 15:45:14,883 DEBUG   SenderThread:44959 [sender.py:send():232] send: stats
2022-05-09 15:45:15,234 DEBUG   HandlerThread:44959 [handler.py:handle_request():141] handle_request: stop_status
2022-05-09 15:45:15,235 DEBUG   SenderThread:44959 [sender.py:send_request():246] send_request: stop_status
2022-05-09 15:45:30,381 DEBUG   HandlerThread:44959 [handler.py:handle_request():141] handle_request: stop_status
2022-05-09 15:45:30,381 DEBUG   SenderThread:44959 [sender.py:send_request():246] send_request: stop_status
2022-05-09 15:45:44,974 DEBUG   SenderThread:44959 [sender.py:send():232] send: stats
2022-05-09 15:45:45,526 DEBUG   HandlerThread:44959 [handler.py:handle_request():141] handle_request: stop_status
2022-05-09 15:45:45,527 DEBUG   SenderThread:44959 [sender.py:send_request():246] send_request: stop_status
2022-05-09 15:46:00,670 DEBUG   HandlerThread:44959 [handler.py:handle_request():141] handle_request: stop_status
2022-05-09 15:46:00,670 DEBUG   SenderThread:44959 [sender.py:send_request():246] send_request: stop_status
2022-05-09 15:46:15,128 DEBUG   SenderThread:44959 [sender.py:send():232] send: stats
2022-05-09 15:46:15,818 DEBUG   HandlerThread:44959 [handler.py:handle_request():141] handle_request: stop_status
2022-05-09 15:46:15,819 DEBUG   SenderThread:44959 [sender.py:send_request():246] send_request: stop_status
2022-05-09 15:46:30,969 DEBUG   HandlerThread:44959 [handler.py:handle_request():141] handle_request: stop_status
2022-05-09 15:46:30,969 DEBUG   SenderThread:44959 [sender.py:send_request():246] send_request: stop_status
2022-05-09 15:46:45,292 DEBUG   SenderThread:44959 [sender.py:send():232] send: stats
2022-05-09 15:46:46,163 DEBUG   HandlerThread:44959 [handler.py:handle_request():141] handle_request: stop_status
2022-05-09 15:46:46,163 DEBUG   SenderThread:44959 [sender.py:send_request():246] send_request: stop_status
2022-05-09 15:47:01,476 DEBUG   HandlerThread:44959 [handler.py:handle_request():141] handle_request: stop_status
2022-05-09 15:47:01,476 DEBUG   SenderThread:44959 [sender.py:send_request():246] send_request: stop_status
2022-05-09 15:47:15,442 DEBUG   SenderThread:44959 [sender.py:send():232] send: stats
2022-05-09 15:47:16,634 DEBUG   HandlerThread:44959 [handler.py:handle_request():141] handle_request: stop_status
2022-05-09 15:47:16,635 DEBUG   SenderThread:44959 [sender.py:send_request():246] send_request: stop_status
2022-05-09 15:47:31,801 DEBUG   HandlerThread:44959 [handler.py:handle_request():141] handle_request: stop_status
2022-05-09 15:47:31,801 DEBUG   SenderThread:44959 [sender.py:send_request():246] send_request: stop_status
2022-05-09 15:47:45,531 DEBUG   SenderThread:44959 [sender.py:send():232] send: stats
2022-05-09 15:47:46,947 DEBUG   HandlerThread:44959 [handler.py:handle_request():141] handle_request: stop_status
2022-05-09 15:47:46,947 DEBUG   SenderThread:44959 [sender.py:send_request():246] send_request: stop_status
2022-05-09 15:48:02,137 DEBUG   HandlerThread:44959 [handler.py:handle_request():141] handle_request: stop_status
2022-05-09 15:48:02,137 DEBUG   SenderThread:44959 [sender.py:send_request():246] send_request: stop_status
2022-05-09 15:48:15,700 DEBUG   SenderThread:44959 [sender.py:send():232] send: stats
2022-05-09 15:48:17,288 DEBUG   HandlerThread:44959 [handler.py:handle_request():141] handle_request: stop_status
2022-05-09 15:48:17,288 DEBUG   SenderThread:44959 [sender.py:send_request():246] send_request: stop_status
2022-05-09 15:48:32,447 DEBUG   HandlerThread:44959 [handler.py:handle_request():141] handle_request: stop_status
2022-05-09 15:48:32,447 DEBUG   SenderThread:44959 [sender.py:send_request():246] send_request: stop_status
2022-05-09 15:48:45,800 DEBUG   SenderThread:44959 [sender.py:send():232] send: stats
2022-05-09 15:48:47,641 DEBUG   HandlerThread:44959 [handler.py:handle_request():141] handle_request: stop_status
2022-05-09 15:48:47,642 DEBUG   SenderThread:44959 [sender.py:send_request():246] send_request: stop_status
2022-05-09 15:49:02,786 DEBUG   HandlerThread:44959 [handler.py:handle_request():141] handle_request: stop_status
2022-05-09 15:49:02,786 DEBUG   SenderThread:44959 [sender.py:send_request():246] send_request: stop_status
2022-05-09 15:49:15,898 DEBUG   SenderThread:44959 [sender.py:send():232] send: stats
2022-05-09 15:49:18,218 DEBUG   HandlerThread:44959 [handler.py:handle_request():141] handle_request: stop_status
2022-05-09 15:49:18,218 DEBUG   SenderThread:44959 [sender.py:send_request():246] send_request: stop_status
2022-05-09 15:49:33,367 DEBUG   HandlerThread:44959 [handler.py:handle_request():141] handle_request: stop_status
2022-05-09 15:49:33,367 DEBUG   SenderThread:44959 [sender.py:send_request():246] send_request: stop_status
2022-05-09 15:49:45,995 DEBUG   SenderThread:44959 [sender.py:send():232] send: stats
2022-05-09 15:49:48,524 DEBUG   HandlerThread:44959 [handler.py:handle_request():141] handle_request: stop_status
2022-05-09 15:49:48,524 DEBUG   SenderThread:44959 [sender.py:send_request():246] send_request: stop_status
2022-05-09 15:50:03,666 DEBUG   HandlerThread:44959 [handler.py:handle_request():141] handle_request: stop_status
2022-05-09 15:50:03,666 DEBUG   SenderThread:44959 [sender.py:send_request():246] send_request: stop_status
2022-05-09 15:50:16,140 DEBUG   SenderThread:44959 [sender.py:send():232] send: stats
2022-05-09 15:50:18,825 DEBUG   HandlerThread:44959 [handler.py:handle_request():141] handle_request: stop_status
2022-05-09 15:50:18,825 DEBUG   SenderThread:44959 [sender.py:send_request():246] send_request: stop_status
2022-05-09 15:50:33,971 DEBUG   HandlerThread:44959 [handler.py:handle_request():141] handle_request: stop_status
2022-05-09 15:50:33,971 DEBUG   SenderThread:44959 [sender.py:send_request():246] send_request: stop_status
2022-05-09 15:50:46,300 DEBUG   SenderThread:44959 [sender.py:send():232] send: stats
2022-05-09 15:50:49,127 DEBUG   HandlerThread:44959 [handler.py:handle_request():141] handle_request: stop_status
2022-05-09 15:50:49,128 DEBUG   SenderThread:44959 [sender.py:send_request():246] send_request: stop_status
2022-05-09 15:51:04,279 DEBUG   HandlerThread:44959 [handler.py:handle_request():141] handle_request: stop_status
2022-05-09 15:51:04,279 DEBUG   SenderThread:44959 [sender.py:send_request():246] send_request: stop_status
2022-05-09 15:51:16,422 DEBUG   SenderThread:44959 [sender.py:send():232] send: stats
2022-05-09 15:51:22,835 DEBUG   HandlerThread:44959 [handler.py:handle_request():141] handle_request: stop_status
2022-05-09 15:51:22,835 DEBUG   SenderThread:44959 [sender.py:send_request():246] send_request: stop_status
2022-05-09 15:51:42,835 DEBUG   HandlerThread:44959 [handler.py:handle_request():141] handle_request: stop_status
2022-05-09 15:51:56,037 ERROR   SenderThread:44959 [retry.py:__call__():126] Retry attempt failed:
Traceback (most recent call last):
  File "/home/luca/miniconda3/envs/cyclesgym/lib/python3.8/site-packages/urllib3/connectionpool.py", line 449, in _make_request
    six.raise_from(e, None)
  File "<string>", line 3, in raise_from
  File "/home/luca/miniconda3/envs/cyclesgym/lib/python3.8/site-packages/urllib3/connectionpool.py", line 444, in _make_request
    httplib_response = conn.getresponse()
  File "/home/luca/miniconda3/envs/cyclesgym/lib/python3.8/http/client.py", line 1348, in getresponse
    response.begin()
  File "/home/luca/miniconda3/envs/cyclesgym/lib/python3.8/http/client.py", line 316, in begin
    version, status, reason = self._read_status()
  File "/home/luca/miniconda3/envs/cyclesgym/lib/python3.8/http/client.py", line 277, in _read_status
    line = str(self.fp.readline(_MAXLINE + 1), "iso-8859-1")
  File "/home/luca/miniconda3/envs/cyclesgym/lib/python3.8/socket.py", line 669, in readinto
    return self._sock.recv_into(b)
  File "/home/luca/miniconda3/envs/cyclesgym/lib/python3.8/ssl.py", line 1241, in recv_into
    return self.read(nbytes, buffer)
  File "/home/luca/miniconda3/envs/cyclesgym/lib/python3.8/ssl.py", line 1099, in read
    return self._sslobj.read(len, buffer)
socket.timeout: The read operation timed out

During handling of the above exception, another exception occurred:

Traceback (most recent call last):
  File "/home/luca/miniconda3/envs/cyclesgym/lib/python3.8/site-packages/requests/adapters.py", line 440, in send
    resp = conn.urlopen(
  File "/home/luca/miniconda3/envs/cyclesgym/lib/python3.8/site-packages/urllib3/connectionpool.py", line 785, in urlopen
    retries = retries.increment(
  File "/home/luca/miniconda3/envs/cyclesgym/lib/python3.8/site-packages/urllib3/util/retry.py", line 550, in increment
    raise six.reraise(type(error), error, _stacktrace)
  File "/home/luca/miniconda3/envs/cyclesgym/lib/python3.8/site-packages/urllib3/packages/six.py", line 770, in reraise
    raise value
  File "/home/luca/miniconda3/envs/cyclesgym/lib/python3.8/site-packages/urllib3/connectionpool.py", line 703, in urlopen
    httplib_response = self._make_request(
  File "/home/luca/miniconda3/envs/cyclesgym/lib/python3.8/site-packages/urllib3/connectionpool.py", line 451, in _make_request
    self._raise_timeout(err=e, url=url, timeout_value=read_timeout)
  File "/home/luca/miniconda3/envs/cyclesgym/lib/python3.8/site-packages/urllib3/connectionpool.py", line 340, in _raise_timeout
    raise ReadTimeoutError(
urllib3.exceptions.ReadTimeoutError: HTTPSConnectionPool(host='api.wandb.ai', port=443): Read timed out. (read timeout=10)

During handling of the above exception, another exception occurred:

Traceback (most recent call last):
  File "/home/luca/miniconda3/envs/cyclesgym/lib/python3.8/site-packages/wandb/sdk/lib/retry.py", line 102, in __call__
    result = self._call_fn(*args, **kwargs)
  File "/home/luca/miniconda3/envs/cyclesgym/lib/python3.8/site-packages/wandb/sdk/internal/internal_api.py", line 140, in execute
    return self.client.execute(*args, **kwargs)
  File "/home/luca/miniconda3/envs/cyclesgym/lib/python3.8/site-packages/wandb/vendor/gql-0.2.0/wandb_gql/client.py", line 52, in execute
    result = self._get_result(document, *args, **kwargs)
  File "/home/luca/miniconda3/envs/cyclesgym/lib/python3.8/site-packages/wandb/vendor/gql-0.2.0/wandb_gql/client.py", line 60, in _get_result
    return self.transport.execute(document, *args, **kwargs)
  File "/home/luca/miniconda3/envs/cyclesgym/lib/python3.8/site-packages/wandb/vendor/gql-0.2.0/wandb_gql/transport/requests.py", line 38, in execute
    request = requests.post(self.url, **post_args)
  File "/home/luca/miniconda3/envs/cyclesgym/lib/python3.8/site-packages/requests/api.py", line 117, in post
    return request('post', url, data=data, json=json, **kwargs)
  File "/home/luca/miniconda3/envs/cyclesgym/lib/python3.8/site-packages/requests/api.py", line 61, in request
    return session.request(method=method, url=url, **kwargs)
  File "/home/luca/miniconda3/envs/cyclesgym/lib/python3.8/site-packages/requests/sessions.py", line 529, in request
    resp = self.send(prep, **send_kwargs)
  File "/home/luca/miniconda3/envs/cyclesgym/lib/python3.8/site-packages/requests/sessions.py", line 645, in send
    r = adapter.send(request, **kwargs)
  File "/home/luca/miniconda3/envs/cyclesgym/lib/python3.8/site-packages/requests/adapters.py", line 532, in send
    raise ReadTimeout(e, request=request)
requests.exceptions.ReadTimeout: HTTPSConnectionPool(host='api.wandb.ai', port=443): Read timed out. (read timeout=10)
2022-05-09 15:52:02,836 DEBUG   HandlerThread:44959 [handler.py:handle_request():141] handle_request: stop_status
2022-05-09 15:52:10,354 WARNING FileStreamThread:44959 [file_stream.py:request_with_retry():593] requests_with_retry encountered retryable exception: 500 Server Error: Internal Server Error for url: https://api.wandb.ai/files/koralabs/cyclesgym/s7yvtfep/file_stream. func: <bound method Session.post of <requests.sessions.Session object at 0x7f2a0f5423a0>>, args: ('https://api.wandb.ai/files/koralabs/cyclesgym/s7yvtfep/file_stream',), kwargs: {'json': {'complete': False, 'failed': False, 'dropped': 0, 'uploaded': []}}
2022-05-09 15:52:13,207 WARNING FileStreamThread:44959 [file_stream.py:request_with_retry():593] requests_with_retry encountered retryable exception: 500 Server Error: Internal Server Error for url: https://api.wandb.ai/files/koralabs/cyclesgym/s7yvtfep/file_stream. func: <bound method Session.post of <requests.sessions.Session object at 0x7f2a0f5423a0>>, args: ('https://api.wandb.ai/files/koralabs/cyclesgym/s7yvtfep/file_stream',), kwargs: {'json': {'complete': False, 'failed': False, 'dropped': 0, 'uploaded': []}}
2022-05-09 15:52:20,311 WARNING FileStreamThread:44959 [file_stream.py:request_with_retry():593] requests_with_retry encountered retryable exception: 500 Server Error: Internal Server Error for url: https://api.wandb.ai/files/koralabs/cyclesgym/s7yvtfep/file_stream. func: <bound method Session.post of <requests.sessions.Session object at 0x7f2a0f5423a0>>, args: ('https://api.wandb.ai/files/koralabs/cyclesgym/s7yvtfep/file_stream',), kwargs: {'json': {'complete': False, 'failed': False, 'dropped': 0, 'uploaded': []}}
2022-05-09 15:52:22,836 DEBUG   HandlerThread:44959 [handler.py:handle_request():141] handle_request: stop_status
2022-05-09 15:52:31,408 WARNING FileStreamThread:44959 [file_stream.py:request_with_retry():593] requests_with_retry encountered retryable exception: 500 Server Error: Internal Server Error for url: https://api.wandb.ai/files/koralabs/cyclesgym/s7yvtfep/file_stream. func: <bound method Session.post of <requests.sessions.Session object at 0x7f2a0f5423a0>>, args: ('https://api.wandb.ai/files/koralabs/cyclesgym/s7yvtfep/file_stream',), kwargs: {'json': {'complete': False, 'failed': False, 'dropped': 0, 'uploaded': []}}
2022-05-09 15:52:42,842 DEBUG   HandlerThread:44959 [handler.py:handle_request():141] handle_request: stop_status
2022-05-09 15:52:47,340 ERROR   SenderThread:44959 [internal_api.py:execute():143] 500 response executing GraphQL.
2022-05-09 15:52:47,340 ERROR   SenderThread:44959 [internal_api.py:execute():144] {"error":"Error 1040: Too many connections"}
2022-05-09 15:53:02,846 DEBUG   HandlerThread:44959 [handler.py:handle_request():141] handle_request: stop_status
2022-05-09 15:53:02,895 WARNING FileStreamThread:44959 [file_stream.py:request_with_retry():593] requests_with_retry encountered retryable exception: 500 Server Error: Internal Server Error for url: https://api.wandb.ai/files/koralabs/cyclesgym/s7yvtfep/file_stream. func: <bound method Session.post of <requests.sessions.Session object at 0x7f2a0f5423a0>>, args: ('https://api.wandb.ai/files/koralabs/cyclesgym/s7yvtfep/file_stream',), kwargs: {'json': {'complete': False, 'failed': False, 'dropped': 0, 'uploaded': []}}
2022-05-09 15:53:22,847 DEBUG   HandlerThread:44959 [handler.py:handle_request():141] handle_request: stop_status
2022-05-09 15:53:30,621 DEBUG   SenderThread:44959 [sender.py:send_request():246] send_request: stop_status
2022-05-09 15:53:30,845 DEBUG   SenderThread:44959 [sender.py:send():232] send: stats
2022-05-09 15:53:30,845 DEBUG   SenderThread:44959 [sender.py:send_request():246] send_request: stop_status
2022-05-09 15:53:31,043 DEBUG   SenderThread:44959 [sender.py:send():232] send: stats
2022-05-09 15:53:31,043 DEBUG   SenderThread:44959 [sender.py:send_request():246] send_request: stop_status
2022-05-09 15:53:32,930 DEBUG   SenderThread:44959 [sender.py:send_request():246] send_request: stop_status
2022-05-09 15:53:34,544 DEBUG   SenderThread:44959 [sender.py:send():232] send: stats
2022-05-09 15:53:34,544 DEBUG   SenderThread:44959 [sender.py:send_request():246] send_request: stop_status
2022-05-09 15:53:34,732 DEBUG   SenderThread:44959 [sender.py:send():232] send: stats
2022-05-09 15:53:34,732 DEBUG   SenderThread:44959 [sender.py:send_request():246] send_request: stop_status
2022-05-09 15:53:42,847 DEBUG   HandlerThread:44959 [handler.py:handle_request():141] handle_request: stop_status
2022-05-09 15:53:42,847 DEBUG   SenderThread:44959 [sender.py:send_request():246] send_request: stop_status
2022-05-09 15:53:47,194 DEBUG   SenderThread:44959 [sender.py:send():232] send: stats
2022-05-09 15:53:57,990 DEBUG   HandlerThread:44959 [handler.py:handle_request():141] handle_request: stop_status
2022-05-09 15:53:57,991 DEBUG   SenderThread:44959 [sender.py:send_request():246] send_request: stop_status
2022-05-09 15:54:13,139 DEBUG   HandlerThread:44959 [handler.py:handle_request():141] handle_request: stop_status
2022-05-09 15:54:13,139 DEBUG   SenderThread:44959 [sender.py:send_request():246] send_request: stop_status
2022-05-09 15:54:17,270 DEBUG   SenderThread:44959 [sender.py:send():232] send: stats
2022-05-09 15:54:28,286 DEBUG   HandlerThread:44959 [handler.py:handle_request():141] handle_request: stop_status
2022-05-09 15:54:28,287 DEBUG   SenderThread:44959 [sender.py:send_request():246] send_request: stop_status
2022-05-09 15:54:43,477 DEBUG   HandlerThread:44959 [handler.py:handle_request():141] handle_request: stop_status
2022-05-09 15:54:43,477 DEBUG   SenderThread:44959 [sender.py:send_request():246] send_request: stop_status
2022-05-09 15:54:47,390 DEBUG   SenderThread:44959 [sender.py:send():232] send: stats
2022-05-09 15:54:58,835 DEBUG   HandlerThread:44959 [handler.py:handle_request():141] handle_request: stop_status
2022-05-09 15:54:58,836 DEBUG   SenderThread:44959 [sender.py:send_request():246] send_request: stop_status
2022-05-09 15:55:13,981 DEBUG   HandlerThread:44959 [handler.py:handle_request():141] handle_request: stop_status
2022-05-09 15:55:13,981 DEBUG   SenderThread:44959 [sender.py:send_request():246] send_request: stop_status
2022-05-09 15:55:17,496 DEBUG   SenderThread:44959 [sender.py:send():232] send: stats
2022-05-09 15:55:29,320 DEBUG   HandlerThread:44959 [handler.py:handle_request():141] handle_request: stop_status
2022-05-09 15:55:29,321 DEBUG   SenderThread:44959 [sender.py:send_request():246] send_request: stop_status
2022-05-09 15:55:40,294 WARNING MainThread:44959 [internal.py:wandb_internal():153] Internal process interrupt: 1
2022-05-09 15:55:40,484 WARNING MainThread:44959 [internal.py:wandb_internal():153] Internal process interrupt: 2
2022-05-09 15:55:40,492 ERROR   MainThread:44959 [internal.py:wandb_internal():156] Internal process interrupted.
2022-05-09 15:55:40,517 INFO    WriterThread:44959 [datastore.py:close():279] close: /home/luca/Projects/plant_science/cyclesgym/cyclesgym/wandb/run-20220509_151702-s7yvtfep/run-s7yvtfep.wandb
2022-05-09 15:55:41,315 INFO    SenderThread:44959 [sender.py:finish():1110] shutting down sender
2022-05-09 15:55:41,315 INFO    SenderThread:44959 [dir_watcher.py:finish():312] shutting down directory watcher
2022-05-09 15:55:41,491 INFO    SenderThread:44959 [dir_watcher.py:finish():342] scan: /home/luca/Projects/plant_science/cyclesgym/cyclesgym/wandb/run-20220509_151702-s7yvtfep/files
2022-05-09 15:55:41,491 INFO    SenderThread:44959 [dir_watcher.py:finish():356] scan save: /home/luca/Projects/plant_science/cyclesgym/cyclesgym/wandb/run-20220509_151702-s7yvtfep/files/wandb-summary.json wandb-summary.json
2022-05-09 15:55:41,491 INFO    SenderThread:44959 [dir_watcher.py:finish():356] scan save: /home/luca/Projects/plant_science/cyclesgym/cyclesgym/wandb/run-20220509_151702-s7yvtfep/files/conda-environment.yaml conda-environment.yaml
2022-05-09 15:55:41,493 INFO    SenderThread:44959 [dir_watcher.py:finish():356] scan save: /home/luca/Projects/plant_science/cyclesgym/cyclesgym/wandb/run-20220509_151702-s7yvtfep/files/output.log output.log
2022-05-09 15:55:41,494 INFO    SenderThread:44959 [dir_watcher.py:finish():356] scan save: /home/luca/Projects/plant_science/cyclesgym/cyclesgym/wandb/run-20220509_151702-s7yvtfep/files/wandb-metadata.json wandb-metadata.json
2022-05-09 15:55:41,496 INFO    SenderThread:44959 [dir_watcher.py:finish():356] scan save: /home/luca/Projects/plant_science/cyclesgym/cyclesgym/wandb/run-20220509_151702-s7yvtfep/files/config.yaml config.yaml
2022-05-09 15:55:41,496 INFO    SenderThread:44959 [dir_watcher.py:finish():356] scan save: /home/luca/Projects/plant_science/cyclesgym/cyclesgym/wandb/run-20220509_151702-s7yvtfep/files/requirements.txt requirements.txt
2022-05-09 15:55:41,496 INFO    SenderThread:44959 [dir_watcher.py:finish():356] scan save: /home/luca/Projects/plant_science/cyclesgym/cyclesgym/wandb/run-20220509_151702-s7yvtfep/files/events.out.tfevents.1652102234.luca-All-Series.44897.0 events.out.tfevents.1652102234.luca-All-Series.44897.0
2022-05-09 15:55:41,497 INFO    SenderThread:44959 [file_pusher.py:finish():145] shutting down file pusher
2022-05-09 15:55:41,497 INFO    SenderThread:44959 [file_pusher.py:join():150] waiting for file pusher
2022-05-09 15:55:41,966 INFO    Thread-16 :44959 [upload_job.py:push():132] Uploaded file /home/luca/Projects/plant_science/cyclesgym/cyclesgym/wandb/run-20220509_151702-s7yvtfep/files/conda-environment.yaml
2022-05-09 15:55:42,003 INFO    Thread-15 :44959 [upload_job.py:push():132] Uploaded file /home/luca/Projects/plant_science/cyclesgym/cyclesgym/wandb/run-20220509_151702-s7yvtfep/files/wandb-summary.json
2022-05-09 15:55:42,240 INFO    Thread-17 :44959 [upload_job.py:push():132] Uploaded file /home/luca/Projects/plant_science/cyclesgym/cyclesgym/wandb/run-20220509_151702-s7yvtfep/files/config.yaml
2022-05-09 15:55:44,508 INFO    Thread-18 :44959 [upload_job.py:push():132] Uploaded file /home/luca/Projects/plant_science/cyclesgym/cyclesgym/wandb/run-20220509_151702-s7yvtfep/files/requirements.txt
